2025-03-26 01:22:56,876 [INFO] Activator:176 - 


2025-03-26 01:22:56,878 [INFO] Activator:177 - !SESSION log4j initialized
2025-03-26 01:22:58,520 [INFO] LogOutputStream:77 - [STDOUT_REDIRECT] 
2025-03-26 01:23:01,023 [INFO] ApplicationProperties:184 - Using Application install path: /opt/st/stm32cubeide_1.16.1/plugins/com.st.stm32cube.common.mx_6.12.1.202409122256
2025-03-26 01:23:01,042 [INFO] DbMcusXml:78 - Set database path to: /opt/st/stm32cubeide_1.16.1/plugins/com.st.stm32cube.common.mx_6.12.1.202409122256//db//mcu/
2025-03-26 01:23:01,042 [INFO] ApiDb:274 - Set plugin database path to: /opt/st/stm32cubeide_1.16.1/plugins/com.st.stm32cube.common.mx_6.12.1.202409122256//db//plugins/boardmanager/
2025-03-26 01:23:01,042 [WARN] ApiDb:259 - Overriding images path with different value:  => /opt/st/stm32cubeide_1.16.1/plugins/com.st.stm32cube.common.mx_6.12.1.202409122256//db//plugins/mcufinder/images/
2025-03-26 01:23:01,046 [INFO] ApiDb:250 - Set database path to: /home/sj/.stmcufinder/plugins/mcufinder//mcu/
2025-03-26 01:23:01,048 [INFO] DbMcusAds:125 - Set database path to: /home/sj/.stmcufinder/plugins/mcufinder//mcu/
2025-03-26 01:23:01,050 [INFO] CrossReferenceDbSqlite:203 - Set database path to: /home/sj/.stmcufinder/plugins/mcufinder//mcu/cs/
2025-03-26 01:23:01,179 [INFO] RulesReader:64 - Compatibility file has been processed (297 Rules)
2025-03-26 01:23:01,236 [INFO] DbMcusXml:78 - Set database path to: /opt/st/stm32cubeide_1.16.1/plugins/com.st.stm32cube.common.mx_6.12.1.202409122256//db//mcu/
2025-03-26 01:23:01,237 [INFO] ApiDb:274 - Set plugin database path to: /opt/st/stm32cubeide_1.16.1/plugins/com.st.stm32cube.common.mx_6.12.1.202409122256//db//plugins/boardmanager/
2025-03-26 01:23:01,237 [INFO] ApiDb:261 - Set plugin images path to: /opt/st/stm32cubeide_1.16.1/plugins/com.st.stm32cube.common.mx_6.12.1.202409122256//db//plugins/mcufinder/images/
2025-03-26 01:23:01,237 [WARN] DbFile:41 - Overriding database path with different value: /home/sj/.stmcufinder/plugins/mcufinder/ => /home/sj/.stmcufinder/plugins/mcufinder
2025-03-26 01:23:01,237 [INFO] ApiDb:250 - Set database path to: /home/sj/.stmcufinder/plugins/mcufinder//mcu/
2025-03-26 01:23:01,237 [WARN] DbFile:41 - Overriding database path with different value: /home/sj/.stmcufinder/plugins/mcufinder/ => /home/sj/.stmcufinder/plugins/mcufinder
2025-03-26 01:23:01,237 [INFO] DbMcusAds:125 - Set database path to: /home/sj/.stmcufinder/plugins/mcufinder//mcu/
2025-03-26 01:23:01,238 [WARN] DbFile:41 - Overriding database path with different value: /home/sj/.stmcufinder/plugins/mcufinder/ => /home/sj/.stmcufinder/plugins/mcufinder
2025-03-26 01:23:01,238 [WARN] DbFile:41 - Overriding database path with different value: /home/sj/.stmcufinder/plugins/mcufinder/ => /home/sj/.stmcufinder/plugins/mcufinder
2025-03-26 01:23:01,238 [INFO] CrossReferenceDbSqlite:203 - Set database path to: /home/sj/.stmcufinder/plugins/mcufinder//mcu/cs/
2025-03-26 01:23:01,296 [INFO] MainPanel:268 - HeapMemory: 268435456
2025-03-26 01:23:01,395 [INFO] DbMcusXml:78 - Set database path to: /opt/st/stm32cubeide_1.16.1/plugins/com.st.stm32cube.common.mx_6.12.1.202409122256//db//mcu/
2025-03-26 01:23:01,396 [INFO] ApiDb:274 - Set plugin database path to: /opt/st/stm32cubeide_1.16.1/plugins/com.st.stm32cube.common.mx_6.12.1.202409122256//db//plugins/boardmanager/
2025-03-26 01:23:01,396 [INFO] ApiDb:261 - Set plugin images path to: /opt/st/stm32cubeide_1.16.1/plugins/com.st.stm32cube.common.mx_6.12.1.202409122256//db//plugins/mcufinder/images/
2025-03-26 01:23:01,396 [WARN] DbFile:41 - Overriding database path with different value: /home/sj/.stmcufinder/plugins/mcufinder/ => /home/sj/.stmcufinder/plugins/mcufinder
2025-03-26 01:23:01,396 [INFO] ApiDb:250 - Set database path to: /home/sj/.stmcufinder/plugins/mcufinder//mcu/
2025-03-26 01:23:01,396 [WARN] DbFile:41 - Overriding database path with different value: /home/sj/.stmcufinder/plugins/mcufinder/ => /home/sj/.stmcufinder/plugins/mcufinder
2025-03-26 01:23:01,396 [INFO] DbMcusAds:125 - Set database path to: /home/sj/.stmcufinder/plugins/mcufinder//mcu/
2025-03-26 01:23:01,397 [WARN] DbFile:41 - Overriding database path with different value: /home/sj/.stmcufinder/plugins/mcufinder/ => /home/sj/.stmcufinder/plugins/mcufinder
2025-03-26 01:23:01,397 [WARN] DbFile:41 - Overriding database path with different value: /home/sj/.stmcufinder/plugins/mcufinder/ => /home/sj/.stmcufinder/plugins/mcufinder
2025-03-26 01:23:01,397 [INFO] CrossReferenceDbSqlite:203 - Set database path to: /home/sj/.stmcufinder/plugins/mcufinder//mcu/cs/
2025-03-26 01:23:01,410 [INFO] ApplicationProperties:184 - Using Application install path: /opt/st/stm32cubeide_1.16.1/plugins/com.st.stm32cube.common.mx_6.12.1.202409122256
2025-03-26 01:23:01,411 [INFO] PluginManage:196 - Search for loadable plugins [exclusion list=, ]
2025-03-26 01:23:01,412 [INFO] PluginManage:310 - Check plugin analytics
2025-03-26 01:23:01,556 [INFO] AnalyticsPlugin:253 - Accepted Software Licenses: 
2025-03-26 01:23:01,557 [INFO] AnalyticsPlugin:255 - Accepted CMSIS Pack Licenses: 
2025-03-26 01:23:01,557 [INFO] AnalyticsPlugin:257 - Accepted Firmware Licenses: 
2025-03-26 01:23:01,559 [INFO] PluginManage:359 - Loaded plugin analytics (category:tool,tabindex:-1)
2025-03-26 01:23:01,559 [INFO] PluginManage:310 - Check plugin cadmodel
2025-03-26 01:23:01,562 [INFO] CADModel:105 - Init CAD model plugin
2025-03-26 01:23:01,562 [INFO] PluginManage:359 - Loaded plugin cadmodel (category:power,tabindex:5)
2025-03-26 01:23:01,562 [INFO] PluginManage:310 - Check plugin clock
2025-03-26 01:23:01,570 [INFO] PluginManage:359 - Loaded plugin clock (category:base,tabindex:2)
2025-03-26 01:23:01,570 [INFO] PluginManage:310 - Check plugin ddr
2025-03-26 01:23:01,571 [INFO] PluginManage:359 - Loaded plugin ddr (category:tool,tabindex:6)
2025-03-26 01:23:01,572 [INFO] PluginManage:310 - Check plugin filemanager
2025-03-26 01:23:01,698 [INFO] PluginManage:359 - Loaded plugin filemanager (category:base,tabindex:10)
2025-03-26 01:23:01,698 [INFO] PluginManage:310 - Check plugin ipmanager
2025-03-26 01:23:01,702 [INFO] PluginManage:359 - Loaded plugin ipmanager (category:base,tabindex:5)
2025-03-26 01:23:01,703 [INFO] PluginManage:310 - Check plugin lpbam
2025-03-26 01:23:01,710 [INFO] PluginManage:359 - Loaded plugin lpbam (category:base,tabindex:0)
2025-03-26 01:23:01,710 [INFO] PluginManage:310 - Check plugin memorymap
2025-03-26 01:23:01,719 [INFO] PluginManage:359 - Loaded plugin memorymap (category:base,tabindex:4)
2025-03-26 01:23:01,719 [INFO] PluginManage:310 - Check plugin pinoutandconfiguration
2025-03-26 01:23:01,725 [INFO] PluginManage:359 - Loaded plugin pinoutandconfiguration (category:base,tabindex:1)
2025-03-26 01:23:01,725 [INFO] PluginManage:310 - Check plugin pinoutconfig
2025-03-26 01:23:01,834 [WARN] SupportedApi:132 - Cannot load RTOS API schema: s4s-elt-must-match.1: The content of 'definitions' must match (annotation?, (simpleType | complexType)?, (unique | key | keyref)*)). A problem was found starting at: attribute.
2025-03-26 01:23:01,978 [INFO] PluginManage:359 - Loaded plugin pinoutconfig (category:base,tabindex:0)
2025-03-26 01:23:01,978 [INFO] PluginManage:310 - Check plugin power
2025-03-26 01:23:01,984 [INFO] PluginManage:359 - Loaded plugin power (category:power,tabindex:4)
2025-03-26 01:23:01,984 [INFO] PluginManage:310 - Check plugin projectmanager
2025-03-26 01:23:01,998 [INFO] PluginManage:359 - Loaded plugin projectmanager (category:projectmanager,tabindex:4)
2025-03-26 01:23:01,999 [INFO] PluginManage:310 - Check plugin rif
2025-03-26 01:23:02,002 [INFO] PluginManage:359 - Loaded plugin rif (category:base,tabindex:3)
2025-03-26 01:23:02,002 [INFO] PluginManage:310 - Check plugin thirdparty
2025-03-26 01:23:02,100 [INFO] PluginManage:359 - Loaded plugin thirdparty (category:base,tabindex:-1)
2025-03-26 01:23:02,100 [WARN] IntegrityCheckThread:84 - waiting for thirdparty lock release [integrity check]
2025-03-26 01:23:02,100 [INFO] PluginManage:310 - Check plugin tools
2025-03-26 01:23:02,100 [INFO] IntegrityCheckThread:86 - entering critical section [integrity check]
2025-03-26 01:23:02,101 [INFO] ThirdPartyUpdaterWithRetryManager:70 - Updater plugin not ready yet. [1/15]
2025-03-26 01:23:02,102 [INFO] PluginManage:359 - Loaded plugin tools (category:base,tabindex:7)
2025-03-26 01:23:02,102 [INFO] PluginManage:310 - Check plugin tutovideos
2025-03-26 01:23:02,255 [INFO] PluginManage:359 - Loaded plugin tutovideos (category:base,tabindex:-1)
2025-03-26 01:23:02,255 [INFO] PluginManage:310 - Check plugin updater
2025-03-26 01:23:02,270 [INFO] PluginManage:359 - Loaded plugin updater (category:base,tabindex:12)
2025-03-26 01:23:02,271 [INFO] PluginManage:310 - Check plugin userauth
2025-03-26 01:23:02,275 [INFO] UserAuth:113 - Init User Auth plugin
2025-03-26 01:23:02,275 [INFO] PluginManage:359 - Loaded plugin userauth (category:base,tabindex:14)
2025-03-26 01:23:02,275 [INFO] PluginManage:283 - PluginManage : Loaded plugins [18]
2025-03-26 01:23:02,427 [INFO] PinOutPanel:1561 - setPackage(No Configuration,No Configuration)
2025-03-26 01:23:02,493 [INFO] CADModel:165 - CPN selected for project level
2025-03-26 01:23:02,493 [INFO] CADModel:114 - Register for checkConnection events
2025-03-26 01:23:02,501 [INFO] IPUIPlugin:80 - create IPUIPlugin
2025-03-26 01:23:02,501 [INFO] PluginManager:220 - loadIPPluginJar : add dma3
2025-03-26 01:23:02,503 [INFO] IPUIPlugin:80 - create IPUIPlugin
2025-03-26 01:23:02,503 [INFO] PluginManager:220 - loadIPPluginJar : add dfsdm
2025-03-26 01:23:02,505 [INFO] IPUIPlugin:80 - create IPUIPlugin
2025-03-26 01:23:02,505 [INFO] PluginManager:220 - loadIPPluginJar : add openamp
2025-03-26 01:23:02,509 [INFO] IPUIPlugin:80 - create IPUIPlugin
2025-03-26 01:23:02,511 [INFO] PluginManager:220 - loadIPPluginJar : add plateformsettings
2025-03-26 01:23:02,514 [INFO] IPUIPlugin:80 - create IPUIPlugin
2025-03-26 01:23:02,514 [INFO] PluginManager:220 - loadIPPluginJar : add gfxmmu
2025-03-26 01:23:02,516 [INFO] IPUIPlugin:80 - create IPUIPlugin
2025-03-26 01:23:02,516 [INFO] PluginManager:220 - loadIPPluginJar : add tsc
2025-03-26 01:23:02,518 [INFO] IPUIPlugin:80 - create IPUIPlugin
2025-03-26 01:23:02,518 [INFO] PluginManager:220 - loadIPPluginJar : add pdm2pcm
2025-03-26 01:23:02,523 [INFO] IPUIPlugin:80 - create IPUIPlugin
2025-03-26 01:23:02,524 [INFO] PluginManager:220 - loadIPPluginJar : add adc
2025-03-26 01:23:02,525 [INFO] IPUIPlugin:80 - create IPUIPlugin
2025-03-26 01:23:02,526 [INFO] PluginManager:220 - loadIPPluginJar : add i3c
2025-03-26 01:23:02,529 [INFO] IPUIPlugin:80 - create IPUIPlugin
2025-03-26 01:23:02,529 [INFO] PluginManager:220 - loadIPPluginJar : add fmc
2025-03-26 01:23:02,530 [INFO] IPUIPlugin:80 - create IPUIPlugin
2025-03-26 01:23:02,531 [INFO] PluginManager:220 - loadIPPluginJar : add cryp
2025-03-26 01:23:02,532 [INFO] IPUIPlugin:80 - create IPUIPlugin
2025-03-26 01:23:02,532 [INFO] PluginManager:220 - loadIPPluginJar : add radio
2025-03-26 01:23:02,534 [INFO] IPUIPlugin:80 - create IPUIPlugin
2025-03-26 01:23:02,535 [INFO] PluginManager:220 - loadIPPluginJar : add extmemmanager
2025-03-26 01:23:02,536 [INFO] IPUIPlugin:80 - create IPUIPlugin
2025-03-26 01:23:02,536 [INFO] PluginManager:220 - loadIPPluginJar : add tracer_emb
2025-03-26 01:23:02,538 [INFO] IPUIPlugin:80 - create IPUIPlugin
2025-03-26 01:23:02,538 [INFO] PluginManager:220 - loadIPPluginJar : add i2c
2025-03-26 01:23:02,538 [INFO] IPUIPlugin:80 - create IPUIPlugin
2025-03-26 01:23:02,539 [INFO] PluginManager:220 - loadIPPluginJar : add ltdc
2025-03-26 01:23:02,540 [INFO] IPUIPlugin:80 - create IPUIPlugin
2025-03-26 01:23:02,540 [INFO] PluginManager:220 - loadIPPluginJar : add ts
2025-03-26 01:23:02,541 [INFO] IPUIPlugin:80 - create IPUIPlugin
2025-03-26 01:23:02,541 [INFO] PluginManager:220 - loadIPPluginJar : add genericplugin
2025-03-26 01:23:02,543 [INFO] IPUIPlugin:80 - create IPUIPlugin
2025-03-26 01:23:02,543 [INFO] PluginManager:220 - loadIPPluginJar : add lorawan
2025-03-26 01:23:02,545 [INFO] IPUIPlugin:80 - create IPUIPlugin
2025-03-26 01:23:02,546 [INFO] PluginManager:220 - loadIPPluginJar : add gpio
2025-03-26 01:23:02,550 [INFO] IPUIPlugin:80 - create IPUIPlugin
2025-03-26 01:23:02,550 [INFO] PluginManager:220 - loadIPPluginJar : add mdma
2025-03-26 01:23:02,552 [INFO] IPUIPlugin:80 - create IPUIPlugin
2025-03-26 01:23:02,552 [INFO] PluginManager:220 - loadIPPluginJar : add ddr_ctrl_phy
2025-03-26 01:23:02,554 [INFO] IPUIPlugin:80 - create IPUIPlugin
2025-03-26 01:23:02,555 [INFO] PluginManager:220 - loadIPPluginJar : add ipddr
2025-03-26 01:23:02,557 [INFO] IPUIPlugin:80 - create IPUIPlugin
2025-03-26 01:23:02,557 [INFO] PluginManager:220 - loadIPPluginJar : add nvic
2025-03-26 01:23:02,559 [INFO] IPUIPlugin:80 - create IPUIPlugin
2025-03-26 01:23:02,559 [INFO] PluginManager:220 - loadIPPluginJar : add sai
2025-03-26 01:23:02,561 [INFO] IPUIPlugin:80 - create IPUIPlugin
2025-03-26 01:23:02,561 [INFO] PluginManager:220 - loadIPPluginJar : add usbx
2025-03-26 01:23:02,565 [INFO] IPUIPlugin:80 - create IPUIPlugin
2025-03-26 01:23:02,565 [INFO] PluginManager:220 - loadIPPluginJar : add gic
2025-03-26 01:23:02,567 [INFO] IPUIPlugin:80 - create IPUIPlugin
2025-03-26 01:23:02,567 [INFO] PluginManager:220 - loadIPPluginJar : add spi
2025-03-26 01:23:02,569 [INFO] IPUIPlugin:80 - create IPUIPlugin
2025-03-26 01:23:02,569 [INFO] PluginManager:220 - loadIPPluginJar : add usart
2025-03-26 01:23:02,575 [INFO] IPUIPlugin:80 - create IPUIPlugin
2025-03-26 01:23:02,575 [INFO] PluginManager:220 - loadIPPluginJar : add linkedlist
2025-03-26 01:23:02,577 [INFO] IPUIPlugin:80 - create IPUIPlugin
2025-03-26 01:23:02,577 [INFO] PluginManager:220 - loadIPPluginJar : add touchsensing
2025-03-26 01:23:02,578 [INFO] IPUIPlugin:80 - create IPUIPlugin
2025-03-26 01:23:02,579 [INFO] PluginManager:220 - loadIPPluginJar : add ucpd
2025-03-26 01:23:02,580 [INFO] IPUIPlugin:80 - create IPUIPlugin
2025-03-26 01:23:02,580 [INFO] PluginManager:220 - loadIPPluginJar : add comp
2025-03-26 01:23:02,581 [INFO] IPUIPlugin:80 - create IPUIPlugin
2025-03-26 01:23:02,581 [INFO] PluginManager:220 - loadIPPluginJar : add quadspi
2025-03-26 01:23:02,582 [INFO] IPUIPlugin:80 - create IPUIPlugin
2025-03-26 01:23:02,583 [INFO] PluginManager:220 - loadIPPluginJar : add can
2025-03-26 01:23:02,586 [INFO] IPUIPlugin:80 - create IPUIPlugin
2025-03-26 01:23:02,587 [INFO] PluginManager:220 - loadIPPluginJar : add stm32_wpan
2025-03-26 01:23:02,588 [INFO] IPUIPlugin:80 - create IPUIPlugin
2025-03-26 01:23:02,588 [INFO] PluginManager:220 - loadIPPluginJar : add tim
2025-03-26 01:23:02,590 [INFO] IPUIPlugin:80 - create IPUIPlugin
2025-03-26 01:23:02,590 [INFO] PluginManager:220 - loadIPPluginJar : add gtzc
2025-03-26 01:23:02,591 [INFO] IPUIPlugin:80 - create IPUIPlugin
2025-03-26 01:23:02,591 [INFO] PluginManager:220 - loadIPPluginJar : add i2s
2025-03-26 01:23:02,592 [INFO] IPUIPlugin:80 - create IPUIPlugin
2025-03-26 01:23:02,592 [INFO] PluginManager:220 - loadIPPluginJar : add fatfs
2025-03-26 01:23:02,594 [INFO] IPUIPlugin:80 - create IPUIPlugin
2025-03-26 01:23:02,594 [INFO] PluginManager:220 - loadIPPluginJar : add hash
2025-03-26 01:23:02,595 [INFO] IPUIPlugin:80 - create IPUIPlugin
2025-03-26 01:23:02,596 [INFO] PluginManager:220 - loadIPPluginJar : add aes
2025-03-26 01:23:02,598 [INFO] IPUIPlugin:80 - create IPUIPlugin
2025-03-26 01:23:02,598 [INFO] PluginManager:220 - loadIPPluginJar : add resmgrutility
2025-03-26 01:23:02,603 [INFO] IPUIPlugin:80 - create IPUIPlugin
2025-03-26 01:23:02,603 [INFO] PluginManager:220 - loadIPPluginJar : add dma
2025-03-26 01:23:02,605 [INFO] IPUIPlugin:80 - create IPUIPlugin
2025-03-26 01:23:02,605 [INFO] PluginManager:220 - loadIPPluginJar : add opamp
2025-03-26 01:23:02,609 [INFO] IPUIPlugin:80 - create IPUIPlugin
2025-03-26 01:23:02,609 [INFO] PluginManager:220 - loadIPPluginJar : add freertos
2025-03-26 01:23:02,709 [INFO] CADModel:165 - CPN selected for project level
2025-03-26 01:23:02,709 [INFO] CADModel:114 - Register for checkConnection events
2025-03-26 01:23:02,709 [FATAL] Updater:334 - Updater called before beeing initialized
2025-03-26 01:23:02,710 [ERROR] CADModel:125 - Updater not yet initialized, retry later 
2025-03-26 01:23:02,832 [INFO] CADModel:165 - CPN selected for project level
2025-03-26 01:23:02,832 [INFO] CADModel:114 - Register for checkConnection events
2025-03-26 01:23:02,832 [FATAL] Updater:334 - Updater called before beeing initialized
2025-03-26 01:23:02,832 [ERROR] CADModel:125 - Updater not yet initialized, retry later 
2025-03-26 01:23:02,836 [FATAL] Updater:334 - Updater called before beeing initialized
2025-03-26 01:23:02,921 [FATAL] Updater:334 - Updater called before beeing initialized
2025-03-26 01:23:02,926 [INFO] DbMcusAds:53 - JSON generation date=Thu Mar 06 17:54:21 TRT 2025 (1741272861825)
2025-03-26 01:23:02,926 [FATAL] Updater:334 - Updater called before beeing initialized
2025-03-26 01:23:02,965 [WARN] DetailPanel:346 - Failed to get advertising image, set to default
2025-03-26 01:23:03,060 [FATAL] Updater:334 - Updater called before beeing initialized
2025-03-26 01:23:03,061 [FATAL] Updater:334 - Updater called before beeing initialized
2025-03-26 01:23:03,061 [FATAL] Updater:334 - Updater called before beeing initialized
2025-03-26 01:23:03,062 [WARN] DetailPanel:346 - Failed to get advertising image, set to default
2025-03-26 01:23:03,063 [FATAL] Updater:334 - Updater called before beeing initialized
2025-03-26 01:23:03,109 [ERROR] Updater:1164 - MainUpdater not yet initialized. External WinMGr cannot be set.
2025-03-26 01:23:03,112 [INFO] Updater:1100 - Updater Version found : 6.12.1
2025-03-26 01:23:03,135 [INFO] ApplicationProperties:184 - Using Application install path: /opt/st/stm32cubeide_1.16.1/plugins/com.st.stm32cube.common.mx_6.12.1.202409122256
2025-03-26 01:23:03,812 [INFO] MainUpdater:2873 - connection check result : 10
2025-03-26 01:23:03,815 [INFO] MainUpdater:290 - Updater Check For Update Now.
2025-03-26 01:23:03,815 [INFO] MicroXplorer:498 - Change Database Version : DB.6.0.121
2025-03-26 01:23:03,823 [INFO] McuFinderGlobals:63 - Set McuFinder mode to 2 (CubeIDE integrated)
2025-03-26 01:23:03,824 [INFO] UserAuth:417 - Internet connection configuration mode: 1
2025-03-26 01:23:03,852 [INFO] JxBrowserEngine:152 - Initiate JxBrowser Engine with user profile folder
2025-03-26 01:23:04,042 [INFO] CheckServerUpdateThread:120 - End of CheckServer Thread
2025-03-26 01:23:04,464 [INFO] WebApp:167 - Instantiating new browser for Auth
2025-03-26 01:23:05,140 [INFO] WebApp:448 - Apply proxy settings
2025-03-26 01:23:05,141 [INFO] WebApp:533 - Chromium requires no authentication
2025-03-26 01:23:05,154 [INFO] WebApp:476 - Direct internet connection detected
2025-03-26 01:23:05,186 [INFO] WebApp:869 - Register for checkConnection events
2025-03-26 01:23:05,187 [INFO] WebApp:448 - Apply proxy settings
2025-03-26 01:23:05,187 [INFO] WebApp:533 - Chromium requires no authentication
2025-03-26 01:23:05,188 [INFO] WebApp:476 - Direct internet connection detected
2025-03-26 01:23:05,274 [WARN] PackLoader:240 - Cannot read IP mode file for STMicroelectronics.FP-SNS-MOTENVWB1.1.4.0
2025-03-26 01:23:05,287 [WARN] PackLoader:240 - Cannot read IP mode file for STMicroelectronics.FP-ATR-ASTRA1.2.0.2
2025-03-26 01:23:05,292 [WARN] PackLoader:240 - Cannot read IP mode file for STMicroelectronics.FP-ATR-ASTRA1.2.0.1
2025-03-26 01:23:05,305 [WARN] PackLoader:240 - Cannot read IP mode file for STMicroelectronics.X-CUBE-SMBUS.2.1.0
2025-03-26 01:23:05,317 [WARN] PackLoader:240 - Cannot read IP mode file for STMicroelectronics.X-CUBE-WB05N.1.1.0
2025-03-26 01:23:05,383 [WARN] PackLoader:240 - Cannot read IP mode file for STMicroelectronics.X-CUBE-AZRTOS-F7.1.1.0
2025-03-26 01:23:05,480 [INFO] WebApp:186 - Connection restablished
2025-03-26 01:23:05,485 [INFO] WebApp:220 - Starting web application
2025-03-26 01:23:05,486 [INFO] WebApp:578 - Web application path used /opt/st/stm32cubeide_1.16.1/plugins/com.st.stm32cube.common.mx_6.12.1.202409122256/db/plugins/mcufinder/reactClient1/index.html
2025-03-26 01:23:05,531 [WARN] PackLoader:240 - Cannot read IP mode file for STMicroelectronics.X-CUBE-MEMS1.11.0.0
2025-03-26 01:23:05,692 [INFO] UserAuth:417 - Internet connection configuration mode: 1
2025-03-26 01:23:05,851 [WARN] PackLoader:240 - Cannot read IP mode file for STMicroelectronics.FP-SNS-FLIGHT1.5.0.2
2025-03-26 01:23:05,874 [WARN] PackLoader:240 - Cannot read IP mode file for STMicroelectronics.X-CUBE-DISPLAY.3.0.0
2025-03-26 01:23:05,895 [WARN] PackLoader:240 - Cannot read IP mode file for STMicroelectronics.X-CUBE-BLE1.7.0.0
2025-03-26 01:23:05,912 [WARN] PackLoader:240 - Cannot read IP mode file for STMicroelectronics.X-CUBE-NFC10.1.0.0
2025-03-26 01:23:05,965 [WARN] PackLoader:240 - Cannot read IP mode file for STMicroelectronics.X-CUBE-BLEMGR.4.0.0
2025-03-26 01:23:05,994 [WARN] PackLoader:240 - Cannot read IP mode file for emotas.I-CUBE-CANOPEN.1.3.0
2025-03-26 01:23:06,013 [WARN] PackLoader:240 - Cannot read IP mode file for STMicroelectronics.X-CUBE-BLEMGR.3.1.0
2025-03-26 01:23:06,026 [WARN] PackLoader:240 - Cannot read IP mode file for STMicroelectronics.X-CUBE-AI.10.0.0
2025-03-26 01:23:06,037 [WARN] PackLoader:240 - Cannot read IP mode file for STMicroelectronics.FP-SNS-SMARTAG2.1.2.0
2025-03-26 01:23:06,048 [ERROR] Engine:466 - /home/sj/.stm32cubemx/thirdparties/pdsc/STMicroelectronics.FP-SNS-FLIGHT1.5.1.0.pdsc: PDSC version is not supported
2025-03-26 01:23:06,137 [WARN] PackLoader:240 - Cannot read IP mode file for STMicroelectronics.X-CUBE-MEMS1.11.1.0
2025-03-26 01:23:06,326 [INFO] LogOutputStream:77 - [STDOUT_REDIRECT] 1 : Invalid condition id : UX_CORESTACK_Condition cause : null
2025-03-26 01:23:06,327 [INFO] LogOutputStream:77 - [STDOUT_REDIRECT] 1 : Invalid condition id : UX_CORESTACK_Condition cause : null
2025-03-26 01:23:06,327 [INFO] LogOutputStream:77 - [STDOUT_REDIRECT] 1 : Invalid condition id : UX_CORESTACK_Condition cause : null
2025-03-26 01:23:06,328 [INFO] LogOutputStream:77 - [STDOUT_REDIRECT] 1 : Invalid condition id : UX_CORESTACK_Condition cause : null
2025-03-26 01:23:06,328 [INFO] LogOutputStream:77 - [STDOUT_REDIRECT] 1 : Invalid condition id : UX_CORESTACK_Condition cause : null
2025-03-26 01:23:06,331 [WARN] PackLoader:240 - Cannot read IP mode file for STMicroelectronics.X-CUBE-AZRTOS-WL.2.0.0
2025-03-26 01:23:06,335 [WARN] PackLoader:240 - Cannot read IP mode file for STMicroelectronics.FP-SNS-MOTENV1.5.0.0
2025-03-26 01:23:06,340 [WARN] PackLoader:240 - Cannot read IP mode file for wolfSSL.I-CUBE-wolfMQTT.1.19.0
2025-03-26 01:23:06,346 [WARN] PackLoader:240 - Cannot read IP mode file for WES.I-CUBE-Cesium.1.3.0
2025-03-26 01:23:06,350 [WARN] PackLoader:240 - Cannot read IP mode file for STMicroelectronics.X-CUBE-BLE2.3.3.0
2025-03-26 01:23:06,357 [WARN] PackLoader:240 - Cannot read IP mode file for STMicroelectronics.X-CUBE-NFC9.1.0.0
2025-03-26 01:23:06,364 [WARN] PackLoader:240 - Cannot read IP mode file for STMicroelectronics.X-CUBE-BLE1.7.1.0
2025-03-26 01:23:06,370 [WARN] PackLoader:240 - Cannot read IP mode file for STMicroelectronics.X-CUBE-TCPP.4.1.0
2025-03-26 01:23:06,392 [WARN] PackLoader:240 - Cannot read IP mode file for STMicroelectronics.X-CUBE-AZRTOS-G0.1.1.0
2025-03-26 01:23:06,399 [WARN] PackLoader:240 - Cannot read IP mode file for STMicroelectronics.X-CUBE-SAFEA1.1.2.2
2025-03-26 01:23:06,404 [WARN] PackLoader:240 - Cannot read IP mode file for STMicroelectronics.X-CUBE-NFC4.3.0.0
2025-03-26 01:23:06,413 [WARN] PackLoader:240 - Cannot read IP mode file for EmbeddedOffice.I-CUBE-FS-RTOS.1.0.1
2025-03-26 01:23:06,414 [ERROR] ConditionMgr:805 - Attr not supported : Dmpu
2025-03-26 01:23:06,414 [ERROR] ConditionMgr:805 - Attr not supported : Dmpu
2025-03-26 01:23:06,414 [ERROR] ConditionMgr:805 - Attr not supported : Dmpu
2025-03-26 01:23:06,414 [ERROR] ConditionMgr:805 - Attr not supported : Dmpu
2025-03-26 01:23:06,414 [ERROR] ConditionMgr:805 - Attr not supported : Dmpu
2025-03-26 01:23:06,414 [ERROR] ConditionMgr:805 - Attr not supported : Dmpu
2025-03-26 01:23:06,414 [ERROR] ConditionMgr:805 - Attr not supported : Dmpu
2025-03-26 01:23:06,414 [ERROR] ConditionMgr:805 - Attr not supported : Dmpu
2025-03-26 01:23:06,414 [ERROR] ConditionMgr:805 - Attr not supported : Dmpu
2025-03-26 01:23:06,415 [ERROR] ConditionMgr:805 - Attr not supported : Dmpu
2025-03-26 01:23:06,415 [ERROR] ConditionMgr:805 - Attr not supported : Dmpu
2025-03-26 01:23:06,415 [ERROR] ConditionMgr:805 - Attr not supported : Dmpu
2025-03-26 01:23:06,415 [ERROR] ConditionMgr:805 - Attr not supported : Dmpu
2025-03-26 01:23:06,415 [ERROR] ConditionMgr:805 - Attr not supported : Dmpu
2025-03-26 01:23:06,415 [ERROR] ConditionMgr:805 - Attr not supported : Dmpu
2025-03-26 01:23:06,415 [ERROR] ConditionMgr:805 - Attr not supported : Dmpu
2025-03-26 01:23:06,415 [ERROR] ConditionMgr:805 - Attr not supported : Dmpu
2025-03-26 01:23:06,415 [ERROR] ConditionMgr:805 - Attr not supported : Dmpu
2025-03-26 01:23:06,415 [ERROR] ConditionMgr:805 - Attr not supported : Dmpu
2025-03-26 01:23:06,415 [ERROR] ConditionMgr:805 - Attr not supported : Dmpu
2025-03-26 01:23:06,415 [ERROR] ConditionMgr:805 - Attr not supported : Dmpu
2025-03-26 01:23:06,415 [ERROR] ConditionMgr:805 - Attr not supported : Dmpu
2025-03-26 01:23:06,415 [ERROR] ConditionMgr:805 - Attr not supported : Dmpu
2025-03-26 01:23:06,415 [ERROR] ConditionMgr:805 - Attr not supported : Dmpu
2025-03-26 01:23:06,416 [ERROR] ConditionMgr:805 - Attr not supported : Dmpu
2025-03-26 01:23:06,416 [ERROR] ConditionMgr:805 - Attr not supported : Dmpu
2025-03-26 01:23:06,416 [ERROR] ConditionMgr:805 - Attr not supported : Dmpu
2025-03-26 01:23:06,416 [ERROR] ConditionMgr:805 - Attr not supported : Dmpu
2025-03-26 01:23:06,416 [ERROR] ConditionMgr:805 - Attr not supported : Dmpu
2025-03-26 01:23:06,416 [ERROR] ConditionMgr:805 - Attr not supported : Dmpu
2025-03-26 01:23:06,416 [ERROR] ConditionMgr:805 - Attr not supported : Dmpu
2025-03-26 01:23:06,416 [ERROR] ConditionMgr:805 - Attr not supported : Dmpu
2025-03-26 01:23:06,416 [ERROR] ConditionMgr:805 - Attr not supported : Dmpu
2025-03-26 01:23:06,416 [ERROR] ConditionMgr:805 - Attr not supported : Dmpu
2025-03-26 01:23:06,416 [ERROR] ConditionMgr:805 - Attr not supported : Dmpu
2025-03-26 01:23:06,416 [ERROR] ConditionMgr:805 - Attr not supported : Dmpu
2025-03-26 01:23:06,417 [ERROR] ConditionMgr:805 - Attr not supported : Dmpu
2025-03-26 01:23:06,417 [ERROR] ConditionMgr:805 - Attr not supported : Dmpu
2025-03-26 01:23:06,417 [ERROR] ConditionMgr:805 - Attr not supported : Dmpu
2025-03-26 01:23:06,417 [ERROR] ConditionMgr:805 - Attr not supported : Dmpu
2025-03-26 01:23:06,417 [ERROR] ConditionMgr:805 - Attr not supported : Dmpu
2025-03-26 01:23:06,417 [ERROR] ConditionMgr:805 - Attr not supported : Dmpu
2025-03-26 01:23:06,417 [ERROR] ConditionMgr:805 - Attr not supported : Dmpu
2025-03-26 01:23:06,417 [ERROR] ConditionMgr:805 - Attr not supported : Dmpu
2025-03-26 01:23:06,417 [ERROR] ConditionMgr:805 - Attr not supported : Dmpu
2025-03-26 01:23:06,417 [ERROR] ConditionMgr:805 - Attr not supported : Dmpu
2025-03-26 01:23:06,417 [ERROR] ConditionMgr:805 - Attr not supported : Dmpu
2025-03-26 01:23:06,417 [ERROR] ConditionMgr:805 - Attr not supported : Dmpu
2025-03-26 01:23:06,417 [ERROR] ConditionMgr:805 - Attr not supported : Dmpu
2025-03-26 01:23:06,417 [ERROR] ConditionMgr:805 - Attr not supported : Dmpu
2025-03-26 01:23:06,417 [ERROR] ConditionMgr:805 - Attr not supported : Dmpu
2025-03-26 01:23:06,418 [ERROR] ConditionMgr:805 - Attr not supported : Dmpu
2025-03-26 01:23:06,418 [ERROR] ConditionMgr:805 - Attr not supported : Dmpu
2025-03-26 01:23:06,418 [ERROR] ConditionMgr:805 - Attr not supported : Dmpu
2025-03-26 01:23:06,418 [ERROR] ConditionMgr:805 - Attr not supported : Dmpu
2025-03-26 01:23:06,418 [ERROR] ConditionMgr:805 - Attr not supported : Dmpu
2025-03-26 01:23:06,418 [ERROR] ConditionMgr:805 - Attr not supported : Dmpu
2025-03-26 01:23:06,418 [ERROR] ConditionMgr:805 - Attr not supported : Dmpu
2025-03-26 01:23:06,418 [ERROR] ConditionMgr:805 - Attr not supported : Dmpu
2025-03-26 01:23:06,418 [ERROR] ConditionMgr:805 - Attr not supported : Dmpu
2025-03-26 01:23:06,418 [ERROR] ConditionMgr:805 - Attr not supported : Dmpu
2025-03-26 01:23:06,418 [ERROR] ConditionMgr:805 - Attr not supported : Dmpu
2025-03-26 01:23:06,419 [ERROR] ConditionMgr:805 - Attr not supported : Dmpu
2025-03-26 01:23:06,419 [ERROR] ConditionMgr:805 - Attr not supported : Dmpu
2025-03-26 01:23:06,421 [ERROR] Engine:466 - /home/sj/.stm32cubemx/thirdparties/pdsc/STMicroelectronics.X-CUBE-TCPP.4.2.0.pdsc: PDSC version is not supported
2025-03-26 01:23:06,424 [WARN] PackLoader:240 - Cannot read IP mode file for RealThread.X-CUBE-RT-Thread_Nano.4.1.1
2025-03-26 01:23:06,427 [WARN] PackLoader:240 - Cannot read IP mode file for STMicroelectronics.FP-ATR-SIGFOX1.3.2.0
2025-03-26 01:23:06,430 [WARN] ConditionMgr:438 - getConditionDescription Invalid condition id : Cortex-A Device cause : null
2025-03-26 01:23:06,442 [WARN] ConditionMgr:1039 - genDependencies : Invalid condition id : Cortex-A Device cause : null
2025-03-26 01:23:06,442 [WARN] ConditionMgr:1039 - genDependencies : Invalid condition id : Cortex-A Device cause : null
2025-03-26 01:23:06,442 [WARN] ConditionMgr:1039 - genDependencies : Invalid condition id : Cortex-A Device cause : null
2025-03-26 01:23:06,448 [WARN] PackLoader:240 - Cannot read IP mode file for STMicroelectronics.X-CUBE-EEPRMA1.5.1.0
2025-03-26 01:23:06,453 [WARN] PackLoader:240 - Cannot read IP mode file for wolfSSL.I-CUBE-wolfSSL.5.7.4
2025-03-26 01:23:06,457 [WARN] PackLoader:240 - Cannot read IP mode file for ITTIA_DB.I-CUBE-ITTIADB.8.9.0
2025-03-26 01:23:06,496 [WARN] PackLoader:240 - Cannot read IP mode file for SEGGER.I-CUBE-embOS.1.3.1
2025-03-26 01:23:06,554 [WARN] PackLoader:240 - Cannot read IP mode file for STMicroelectronics.X-CUBE-ALGOBUILD.1.4.0
2025-03-26 01:23:06,557 [WARN] PackLoader:240 - Cannot read IP mode file for STMicroelectronics.X-CUBE-AI.9.1.0
2025-03-26 01:23:06,572 [WARN] PackLoader:240 - Cannot read IP mode file for STMicroelectronics.X-CUBE-AZRTOS-F4.1.1.0
2025-03-26 01:23:06,576 [WARN] PackLoader:240 - Cannot read IP mode file for STMicroelectronics.X-CUBE-ISPU.2.1.0
2025-03-26 01:23:06,579 [WARN] PackLoader:240 - Cannot read IP mode file for STMicroelectronics.X-CUBE-FREERTOS.1.2.0
2025-03-26 01:23:06,595 [WARN] PackLoader:240 - Cannot read IP mode file for STMicroelectronics.X-CUBE-AZRTOS-L5.2.0.0
2025-03-26 01:23:06,603 [WARN] PackLoader:240 - Cannot read IP mode file for STMicroelectronics.X-CUBE-NFC6.3.1.0
2025-03-26 01:23:06,611 [WARN] PackLoader:240 - Cannot read IP mode file for STMicroelectronics.X-CUBE-DPower.1.2.0
2025-03-26 01:23:06,616 [WARN] PackLoader:240 - Cannot read IP mode file for STMicroelectronics.X-CUBE-FREERTOS.1.3.0
2025-03-26 01:23:06,619 [WARN] PackLoader:240 - Cannot read IP mode file for STMicroelectronics.X-CUBE-NFC7.1.0.1
2025-03-26 01:23:06,637 [WARN] ConditionMgr:438 - getConditionDescription Invalid condition id : LAN8742 Phy interface Condition cause : null
2025-03-26 01:23:06,638 [WARN] PackLoader:240 - Cannot read IP mode file for STMicroelectronics.X-CUBE-AZRTOS-L4.2.0.0
2025-03-26 01:23:06,639 [WARN] ConditionMgr:1039 - genDependencies : Invalid condition id : LAN8742 Phy interface Condition cause : null
2025-03-26 01:23:06,640 [WARN] ConditionMgr:1039 - genDependencies : Invalid condition id : LAN8742 Phy interface Condition cause : null
2025-03-26 01:23:06,641 [WARN] ConditionMgr:1039 - genDependencies : Invalid condition id : LAN8742 Phy interface Condition cause : null
2025-03-26 01:23:06,649 [WARN] PackLoader:240 - Cannot read IP mode file for STMicroelectronics.X-CUBE-SFXS2LP1.4.0.0
2025-03-26 01:23:06,675 [WARN] PackLoader:240 - Cannot read IP mode file for STMicroelectronics.X-CUBE-AZRTOS-H7.3.3.0
2025-03-26 01:23:06,685 [WARN] PackLoader:240 - Cannot read IP mode file for STMicroelectronics.X-CUBE-IPS.3.0.0
2025-03-26 01:23:06,699 [WARN] ConditionMgr:438 - getConditionDescription Invalid condition id : UX DEVICE CLASS RTOS Condition cause : null
2025-03-26 01:23:06,699 [WARN] ConditionMgr:438 - getConditionDescription Invalid condition id : UX DEVICE CLASS RTOS Condition cause : null
2025-03-26 01:23:06,701 [WARN] PackLoader:240 - Cannot read IP mode file for STMicroelectronics.X-CUBE-AZRTOS-WB.2.0.0
2025-03-26 01:23:06,702 [WARN] ConditionMgr:1039 - genDependencies : Invalid condition id : UX DEVICE CLASS RTOS Condition cause : null
2025-03-26 01:23:06,702 [WARN] ConditionMgr:1039 - genDependencies : Invalid condition id : UX DEVICE CLASS RTOS Condition cause : null
2025-03-26 01:23:06,702 [WARN] ConditionMgr:1039 - genDependencies : Invalid condition id : UX DEVICE CLASS RTOS Condition cause : null
2025-03-26 01:23:06,703 [WARN] ConditionMgr:1039 - genDependencies : Invalid condition id : UX DEVICE CLASS RTOS Condition cause : null
2025-03-26 01:23:06,703 [WARN] ConditionMgr:1039 - genDependencies : Invalid condition id : UX DEVICE CLASS RTOS Condition cause : null
2025-03-26 01:23:06,706 [WARN] PackLoader:240 - Cannot read IP mode file for STMicroelectronics.X-CUBE-GNSS1.7.0.0
2025-03-26 01:23:06,710 [WARN] PackLoader:240 - Cannot read IP mode file for STMicroelectronics.X-CUBE-GNSS1.7.0.1
2025-03-26 01:23:06,713 [WARN] PackLoader:240 - Cannot read IP mode file for STMicroelectronics.X-CUBE-TOUCHGFX.4.25.0
2025-03-26 01:23:06,717 [WARN] PackLoader:240 - Cannot read IP mode file for STMicroelectronics.FP-SNS-STBOX1.2.0.0
2025-03-26 01:23:06,726 [WARN] PackLoader:240 - Cannot read IP mode file for STMicroelectronics.X-CUBE-SUBG2.5.0.0
2025-03-26 01:23:06,750 [WARN] PackLoader:240 - Cannot read IP mode file for STMicroelectronics.X-CUBE-AZRTOS-H7RS.1.1.0
2025-03-26 01:23:06,756 [WARN] PackLoader:240 - Cannot read IP mode file for Cesanta.I-CUBE-Mongoose.7.13.0
2025-03-26 01:23:06,768 [WARN] PackLoader:240 - Cannot read IP mode file for STMicroelectronics.X-CUBE-AZRTOS-G4.2.0.0
2025-03-26 01:23:06,774 [ERROR] Engine:466 - /home/sj/.stm32cubemx/thirdparties/pdsc/STMicroelectronics.X-CUBE-IPS.3.1.0.pdsc: PDSC version is not supported
2025-03-26 01:23:06,776 [WARN] PackLoader:240 - Cannot read IP mode file for STMicroelectronics.X-CUBE-ALS.1.0.2
2025-03-26 01:23:06,780 [WARN] PackLoader:240 - Cannot read IP mode file for STMicroelectronics.X-CUBE-TOUCHGFX.4.24.1
2025-03-26 01:23:06,782 [WARN] PackLoader:240 - Cannot read IP mode file for wolfSSL.I-CUBE-wolfTPM.3.4.0
2025-03-26 01:23:06,786 [WARN] PackLoader:240 - Cannot read IP mode file for portGmbH.I-Cube-SoM-uGOAL.1.1.0
2025-03-26 01:23:06,801 [WARN] PackLoader:240 - Cannot read IP mode file for STMicroelectronics.X-CUBE-AZRTOS-H7RS.1.0.0
2025-03-26 01:23:06,811 [WARN] PackLoader:240 - Cannot read IP mode file for STMicroelectronics.X-CUBE-TOF1.3.4.2
2025-03-26 01:23:06,844 [WARN] PackLoader:240 - Cannot read IP mode file for Infineon.AIROC-Wi-Fi-Bluetooth-STM32.1.6.1
2025-03-26 01:23:06,855 [WARN] PackLoader:240 - Cannot read IP mode file for wolfSSL.I-CUBE-wolfSSH.1.4.17
2025-03-26 01:23:06,856 [INFO] ThirdParty:978 - Integrity check success = true
2025-03-26 01:23:06,856 [INFO] IntegrityCheckThread:100 - exiting critical section [integrity check]
2025-03-26 01:23:06,856 [INFO] IntegrityCheckThread:103 - End integrity checks thread
2025-03-26 01:26:26,386 [ERROR] LogOutputStream:75 - [STDERR_REDIRECT] 
2025-03-26 01:26:33,648 [INFO] Activator:176 - 


2025-03-26 01:26:33,650 [INFO] Activator:177 - !SESSION log4j initialized
2025-03-26 01:26:35,850 [INFO] LogOutputStream:77 - [STDOUT_REDIRECT] 
2025-03-26 01:26:37,794 [INFO] ApplicationProperties:184 - Using Application install path: /opt/st/stm32cubeide_1.16.1/plugins/com.st.stm32cube.common.mx_6.12.1.202409122256
2025-03-26 01:26:37,814 [INFO] DbMcusXml:78 - Set database path to: /opt/st/stm32cubeide_1.16.1/plugins/com.st.stm32cube.common.mx_6.12.1.202409122256//db//mcu/
2025-03-26 01:26:37,814 [INFO] ApiDb:274 - Set plugin database path to: /opt/st/stm32cubeide_1.16.1/plugins/com.st.stm32cube.common.mx_6.12.1.202409122256//db//plugins/boardmanager/
2025-03-26 01:26:37,815 [WARN] ApiDb:259 - Overriding images path with different value:  => /opt/st/stm32cubeide_1.16.1/plugins/com.st.stm32cube.common.mx_6.12.1.202409122256//db//plugins/mcufinder/images/
2025-03-26 01:26:37,820 [INFO] ApiDb:250 - Set database path to: /home/sj/.stmcufinder/plugins/mcufinder//mcu/
2025-03-26 01:26:37,821 [INFO] DbMcusAds:125 - Set database path to: /home/sj/.stmcufinder/plugins/mcufinder//mcu/
2025-03-26 01:26:37,823 [INFO] CrossReferenceDbSqlite:203 - Set database path to: /home/sj/.stmcufinder/plugins/mcufinder//mcu/cs/
2025-03-26 01:26:37,961 [INFO] RulesReader:64 - Compatibility file has been processed (297 Rules)
2025-03-26 01:26:38,018 [INFO] DbMcusXml:78 - Set database path to: /opt/st/stm32cubeide_1.16.1/plugins/com.st.stm32cube.common.mx_6.12.1.202409122256//db//mcu/
2025-03-26 01:26:38,018 [INFO] ApiDb:274 - Set plugin database path to: /opt/st/stm32cubeide_1.16.1/plugins/com.st.stm32cube.common.mx_6.12.1.202409122256//db//plugins/boardmanager/
2025-03-26 01:26:38,018 [INFO] ApiDb:261 - Set plugin images path to: /opt/st/stm32cubeide_1.16.1/plugins/com.st.stm32cube.common.mx_6.12.1.202409122256//db//plugins/mcufinder/images/
2025-03-26 01:26:38,019 [WARN] DbFile:41 - Overriding database path with different value: /home/sj/.stmcufinder/plugins/mcufinder/ => /home/sj/.stmcufinder/plugins/mcufinder
2025-03-26 01:26:38,019 [INFO] ApiDb:250 - Set database path to: /home/sj/.stmcufinder/plugins/mcufinder//mcu/
2025-03-26 01:26:38,019 [WARN] DbFile:41 - Overriding database path with different value: /home/sj/.stmcufinder/plugins/mcufinder/ => /home/sj/.stmcufinder/plugins/mcufinder
2025-03-26 01:26:38,019 [INFO] DbMcusAds:125 - Set database path to: /home/sj/.stmcufinder/plugins/mcufinder//mcu/
2025-03-26 01:26:38,019 [WARN] DbFile:41 - Overriding database path with different value: /home/sj/.stmcufinder/plugins/mcufinder/ => /home/sj/.stmcufinder/plugins/mcufinder
2025-03-26 01:26:38,019 [WARN] DbFile:41 - Overriding database path with different value: /home/sj/.stmcufinder/plugins/mcufinder/ => /home/sj/.stmcufinder/plugins/mcufinder
2025-03-26 01:26:38,019 [INFO] CrossReferenceDbSqlite:203 - Set database path to: /home/sj/.stmcufinder/plugins/mcufinder//mcu/cs/
2025-03-26 01:26:38,070 [INFO] MainPanel:268 - HeapMemory: 268435456
2025-03-26 01:26:38,162 [INFO] DbMcusXml:78 - Set database path to: /opt/st/stm32cubeide_1.16.1/plugins/com.st.stm32cube.common.mx_6.12.1.202409122256//db//mcu/
2025-03-26 01:26:38,162 [INFO] ApiDb:274 - Set plugin database path to: /opt/st/stm32cubeide_1.16.1/plugins/com.st.stm32cube.common.mx_6.12.1.202409122256//db//plugins/boardmanager/
2025-03-26 01:26:38,162 [INFO] ApiDb:261 - Set plugin images path to: /opt/st/stm32cubeide_1.16.1/plugins/com.st.stm32cube.common.mx_6.12.1.202409122256//db//plugins/mcufinder/images/
2025-03-26 01:26:38,162 [WARN] DbFile:41 - Overriding database path with different value: /home/sj/.stmcufinder/plugins/mcufinder/ => /home/sj/.stmcufinder/plugins/mcufinder
2025-03-26 01:26:38,163 [INFO] ApiDb:250 - Set database path to: /home/sj/.stmcufinder/plugins/mcufinder//mcu/
2025-03-26 01:26:38,163 [WARN] DbFile:41 - Overriding database path with different value: /home/sj/.stmcufinder/plugins/mcufinder/ => /home/sj/.stmcufinder/plugins/mcufinder
2025-03-26 01:26:38,163 [INFO] DbMcusAds:125 - Set database path to: /home/sj/.stmcufinder/plugins/mcufinder//mcu/
2025-03-26 01:26:38,163 [WARN] DbFile:41 - Overriding database path with different value: /home/sj/.stmcufinder/plugins/mcufinder/ => /home/sj/.stmcufinder/plugins/mcufinder
2025-03-26 01:26:38,163 [WARN] DbFile:41 - Overriding database path with different value: /home/sj/.stmcufinder/plugins/mcufinder/ => /home/sj/.stmcufinder/plugins/mcufinder
2025-03-26 01:26:38,163 [INFO] CrossReferenceDbSqlite:203 - Set database path to: /home/sj/.stmcufinder/plugins/mcufinder//mcu/cs/
2025-03-26 01:26:38,174 [INFO] ApplicationProperties:184 - Using Application install path: /opt/st/stm32cubeide_1.16.1/plugins/com.st.stm32cube.common.mx_6.12.1.202409122256
2025-03-26 01:26:38,176 [INFO] PluginManage:196 - Search for loadable plugins [exclusion list=, ]
2025-03-26 01:26:38,176 [INFO] PluginManage:310 - Check plugin analytics
2025-03-26 01:26:38,300 [INFO] AnalyticsPlugin:253 - Accepted Software Licenses: 
2025-03-26 01:26:38,300 [INFO] AnalyticsPlugin:255 - Accepted CMSIS Pack Licenses: 
2025-03-26 01:26:38,300 [INFO] AnalyticsPlugin:257 - Accepted Firmware Licenses: 
2025-03-26 01:26:38,302 [INFO] PluginManage:359 - Loaded plugin analytics (category:tool,tabindex:-1)
2025-03-26 01:26:38,303 [INFO] PluginManage:310 - Check plugin cadmodel
2025-03-26 01:26:38,306 [INFO] CADModel:105 - Init CAD model plugin
2025-03-26 01:26:38,306 [INFO] PluginManage:359 - Loaded plugin cadmodel (category:power,tabindex:5)
2025-03-26 01:26:38,306 [INFO] PluginManage:310 - Check plugin clock
2025-03-26 01:26:38,315 [INFO] PluginManage:359 - Loaded plugin clock (category:base,tabindex:2)
2025-03-26 01:26:38,315 [INFO] PluginManage:310 - Check plugin ddr
2025-03-26 01:26:38,317 [INFO] PluginManage:359 - Loaded plugin ddr (category:tool,tabindex:6)
2025-03-26 01:26:38,317 [INFO] PluginManage:310 - Check plugin filemanager
2025-03-26 01:26:38,415 [INFO] PluginManage:359 - Loaded plugin filemanager (category:base,tabindex:10)
2025-03-26 01:26:38,415 [INFO] PluginManage:310 - Check plugin ipmanager
2025-03-26 01:26:38,419 [INFO] PluginManage:359 - Loaded plugin ipmanager (category:base,tabindex:5)
2025-03-26 01:26:38,419 [INFO] PluginManage:310 - Check plugin lpbam
2025-03-26 01:26:38,424 [INFO] PluginManage:359 - Loaded plugin lpbam (category:base,tabindex:0)
2025-03-26 01:26:38,425 [INFO] PluginManage:310 - Check plugin memorymap
2025-03-26 01:26:38,431 [INFO] PluginManage:359 - Loaded plugin memorymap (category:base,tabindex:4)
2025-03-26 01:26:38,431 [INFO] PluginManage:310 - Check plugin pinoutandconfiguration
2025-03-26 01:26:38,435 [INFO] PluginManage:359 - Loaded plugin pinoutandconfiguration (category:base,tabindex:1)
2025-03-26 01:26:38,435 [INFO] PluginManage:310 - Check plugin pinoutconfig
2025-03-26 01:26:38,494 [WARN] SupportedApi:132 - Cannot load RTOS API schema: s4s-elt-must-match.1: The content of 'definitions' must match (annotation?, (simpleType | complexType)?, (unique | key | keyref)*)). A problem was found starting at: attribute.
2025-03-26 01:26:38,601 [INFO] PluginManage:359 - Loaded plugin pinoutconfig (category:base,tabindex:0)
2025-03-26 01:26:38,601 [INFO] PluginManage:310 - Check plugin power
2025-03-26 01:26:38,609 [INFO] PluginManage:359 - Loaded plugin power (category:power,tabindex:4)
2025-03-26 01:26:38,609 [INFO] PluginManage:310 - Check plugin projectmanager
2025-03-26 01:26:38,620 [INFO] PluginManage:359 - Loaded plugin projectmanager (category:projectmanager,tabindex:4)
2025-03-26 01:26:38,620 [INFO] PluginManage:310 - Check plugin rif
2025-03-26 01:26:38,623 [INFO] PluginManage:359 - Loaded plugin rif (category:base,tabindex:3)
2025-03-26 01:26:38,624 [INFO] PluginManage:310 - Check plugin thirdparty
2025-03-26 01:26:38,714 [INFO] PluginManage:359 - Loaded plugin thirdparty (category:base,tabindex:-1)
2025-03-26 01:26:38,714 [WARN] IntegrityCheckThread:84 - waiting for thirdparty lock release [integrity check]
2025-03-26 01:26:38,714 [INFO] PluginManage:310 - Check plugin tools
2025-03-26 01:26:38,714 [INFO] IntegrityCheckThread:86 - entering critical section [integrity check]
2025-03-26 01:26:38,715 [INFO] ThirdPartyUpdaterWithRetryManager:70 - Updater plugin not ready yet. [1/15]
2025-03-26 01:26:38,716 [INFO] PluginManage:359 - Loaded plugin tools (category:base,tabindex:7)
2025-03-26 01:26:38,717 [INFO] PluginManage:310 - Check plugin tutovideos
2025-03-26 01:26:38,847 [INFO] PluginManage:359 - Loaded plugin tutovideos (category:base,tabindex:-1)
2025-03-26 01:26:38,847 [INFO] PluginManage:310 - Check plugin updater
2025-03-26 01:26:38,864 [INFO] PluginManage:359 - Loaded plugin updater (category:base,tabindex:12)
2025-03-26 01:26:38,864 [INFO] PluginManage:310 - Check plugin userauth
2025-03-26 01:26:38,869 [INFO] UserAuth:113 - Init User Auth plugin
2025-03-26 01:26:38,869 [INFO] PluginManage:359 - Loaded plugin userauth (category:base,tabindex:14)
2025-03-26 01:26:38,870 [INFO] PluginManage:283 - PluginManage : Loaded plugins [18]
2025-03-26 01:26:39,024 [INFO] PinOutPanel:1561 - setPackage(No Configuration,No Configuration)
2025-03-26 01:26:39,091 [INFO] CADModel:165 - CPN selected for project level
2025-03-26 01:26:39,091 [INFO] CADModel:114 - Register for checkConnection events
2025-03-26 01:26:39,099 [INFO] IPUIPlugin:80 - create IPUIPlugin
2025-03-26 01:26:39,099 [INFO] PluginManager:220 - loadIPPluginJar : add dma3
2025-03-26 01:26:39,101 [INFO] IPUIPlugin:80 - create IPUIPlugin
2025-03-26 01:26:39,101 [INFO] PluginManager:220 - loadIPPluginJar : add dfsdm
2025-03-26 01:26:39,103 [INFO] IPUIPlugin:80 - create IPUIPlugin
2025-03-26 01:26:39,103 [INFO] PluginManager:220 - loadIPPluginJar : add openamp
2025-03-26 01:26:39,108 [INFO] IPUIPlugin:80 - create IPUIPlugin
2025-03-26 01:26:39,111 [INFO] PluginManager:220 - loadIPPluginJar : add plateformsettings
2025-03-26 01:26:39,114 [INFO] IPUIPlugin:80 - create IPUIPlugin
2025-03-26 01:26:39,115 [INFO] PluginManager:220 - loadIPPluginJar : add gfxmmu
2025-03-26 01:26:39,116 [INFO] IPUIPlugin:80 - create IPUIPlugin
2025-03-26 01:26:39,116 [INFO] PluginManager:220 - loadIPPluginJar : add tsc
2025-03-26 01:26:39,118 [INFO] IPUIPlugin:80 - create IPUIPlugin
2025-03-26 01:26:39,118 [INFO] PluginManager:220 - loadIPPluginJar : add pdm2pcm
2025-03-26 01:26:39,125 [INFO] IPUIPlugin:80 - create IPUIPlugin
2025-03-26 01:26:39,125 [INFO] PluginManager:220 - loadIPPluginJar : add adc
2025-03-26 01:26:39,127 [INFO] IPUIPlugin:80 - create IPUIPlugin
2025-03-26 01:26:39,127 [INFO] PluginManager:220 - loadIPPluginJar : add i3c
2025-03-26 01:26:39,131 [INFO] IPUIPlugin:80 - create IPUIPlugin
2025-03-26 01:26:39,131 [INFO] PluginManager:220 - loadIPPluginJar : add fmc
2025-03-26 01:26:39,133 [INFO] IPUIPlugin:80 - create IPUIPlugin
2025-03-26 01:26:39,133 [INFO] PluginManager:220 - loadIPPluginJar : add cryp
2025-03-26 01:26:39,134 [INFO] IPUIPlugin:80 - create IPUIPlugin
2025-03-26 01:26:39,135 [INFO] PluginManager:220 - loadIPPluginJar : add radio
2025-03-26 01:26:39,137 [INFO] IPUIPlugin:80 - create IPUIPlugin
2025-03-26 01:26:39,137 [INFO] PluginManager:220 - loadIPPluginJar : add extmemmanager
2025-03-26 01:26:39,139 [INFO] IPUIPlugin:80 - create IPUIPlugin
2025-03-26 01:26:39,139 [INFO] PluginManager:220 - loadIPPluginJar : add tracer_emb
2025-03-26 01:26:39,141 [INFO] IPUIPlugin:80 - create IPUIPlugin
2025-03-26 01:26:39,141 [INFO] PluginManager:220 - loadIPPluginJar : add i2c
2025-03-26 01:26:39,142 [INFO] IPUIPlugin:80 - create IPUIPlugin
2025-03-26 01:26:39,142 [INFO] PluginManager:220 - loadIPPluginJar : add ltdc
2025-03-26 01:26:39,144 [INFO] IPUIPlugin:80 - create IPUIPlugin
2025-03-26 01:26:39,144 [INFO] PluginManager:220 - loadIPPluginJar : add ts
2025-03-26 01:26:39,145 [INFO] IPUIPlugin:80 - create IPUIPlugin
2025-03-26 01:26:39,145 [INFO] PluginManager:220 - loadIPPluginJar : add genericplugin
2025-03-26 01:26:39,147 [INFO] IPUIPlugin:80 - create IPUIPlugin
2025-03-26 01:26:39,147 [INFO] PluginManager:220 - loadIPPluginJar : add lorawan
2025-03-26 01:26:39,150 [INFO] IPUIPlugin:80 - create IPUIPlugin
2025-03-26 01:26:39,150 [INFO] PluginManager:220 - loadIPPluginJar : add gpio
2025-03-26 01:26:39,156 [INFO] IPUIPlugin:80 - create IPUIPlugin
2025-03-26 01:26:39,156 [INFO] PluginManager:220 - loadIPPluginJar : add mdma
2025-03-26 01:26:39,158 [INFO] IPUIPlugin:80 - create IPUIPlugin
2025-03-26 01:26:39,158 [INFO] PluginManager:220 - loadIPPluginJar : add ddr_ctrl_phy
2025-03-26 01:26:39,161 [INFO] IPUIPlugin:80 - create IPUIPlugin
2025-03-26 01:26:39,161 [INFO] PluginManager:220 - loadIPPluginJar : add ipddr
2025-03-26 01:26:39,164 [INFO] IPUIPlugin:80 - create IPUIPlugin
2025-03-26 01:26:39,164 [INFO] PluginManager:220 - loadIPPluginJar : add nvic
2025-03-26 01:26:39,167 [INFO] IPUIPlugin:80 - create IPUIPlugin
2025-03-26 01:26:39,167 [INFO] PluginManager:220 - loadIPPluginJar : add sai
2025-03-26 01:26:39,169 [INFO] IPUIPlugin:80 - create IPUIPlugin
2025-03-26 01:26:39,169 [INFO] PluginManager:220 - loadIPPluginJar : add usbx
2025-03-26 01:26:39,173 [INFO] IPUIPlugin:80 - create IPUIPlugin
2025-03-26 01:26:39,173 [INFO] PluginManager:220 - loadIPPluginJar : add gic
2025-03-26 01:26:39,175 [INFO] IPUIPlugin:80 - create IPUIPlugin
2025-03-26 01:26:39,175 [INFO] PluginManager:220 - loadIPPluginJar : add spi
2025-03-26 01:26:39,177 [INFO] IPUIPlugin:80 - create IPUIPlugin
2025-03-26 01:26:39,177 [INFO] PluginManager:220 - loadIPPluginJar : add usart
2025-03-26 01:26:39,183 [INFO] IPUIPlugin:80 - create IPUIPlugin
2025-03-26 01:26:39,183 [INFO] PluginManager:220 - loadIPPluginJar : add linkedlist
2025-03-26 01:26:39,185 [INFO] IPUIPlugin:80 - create IPUIPlugin
2025-03-26 01:26:39,185 [INFO] PluginManager:220 - loadIPPluginJar : add touchsensing
2025-03-26 01:26:39,186 [INFO] IPUIPlugin:80 - create IPUIPlugin
2025-03-26 01:26:39,186 [INFO] PluginManager:220 - loadIPPluginJar : add ucpd
2025-03-26 01:26:39,187 [INFO] IPUIPlugin:80 - create IPUIPlugin
2025-03-26 01:26:39,188 [INFO] PluginManager:220 - loadIPPluginJar : add comp
2025-03-26 01:26:39,188 [INFO] IPUIPlugin:80 - create IPUIPlugin
2025-03-26 01:26:39,189 [INFO] PluginManager:220 - loadIPPluginJar : add quadspi
2025-03-26 01:26:39,190 [INFO] IPUIPlugin:80 - create IPUIPlugin
2025-03-26 01:26:39,190 [INFO] PluginManager:220 - loadIPPluginJar : add can
2025-03-26 01:26:39,194 [INFO] IPUIPlugin:80 - create IPUIPlugin
2025-03-26 01:26:39,194 [INFO] PluginManager:220 - loadIPPluginJar : add stm32_wpan
2025-03-26 01:26:39,195 [INFO] IPUIPlugin:80 - create IPUIPlugin
2025-03-26 01:26:39,195 [INFO] PluginManager:220 - loadIPPluginJar : add tim
2025-03-26 01:26:39,197 [INFO] IPUIPlugin:80 - create IPUIPlugin
2025-03-26 01:26:39,197 [INFO] PluginManager:220 - loadIPPluginJar : add gtzc
2025-03-26 01:26:39,198 [INFO] IPUIPlugin:80 - create IPUIPlugin
2025-03-26 01:26:39,198 [INFO] PluginManager:220 - loadIPPluginJar : add i2s
2025-03-26 01:26:39,199 [INFO] IPUIPlugin:80 - create IPUIPlugin
2025-03-26 01:26:39,199 [INFO] PluginManager:220 - loadIPPluginJar : add fatfs
2025-03-26 01:26:39,201 [INFO] IPUIPlugin:80 - create IPUIPlugin
2025-03-26 01:26:39,201 [INFO] PluginManager:220 - loadIPPluginJar : add hash
2025-03-26 01:26:39,202 [INFO] IPUIPlugin:80 - create IPUIPlugin
2025-03-26 01:26:39,202 [INFO] PluginManager:220 - loadIPPluginJar : add aes
2025-03-26 01:26:39,204 [INFO] IPUIPlugin:80 - create IPUIPlugin
2025-03-26 01:26:39,205 [INFO] PluginManager:220 - loadIPPluginJar : add resmgrutility
2025-03-26 01:26:39,209 [INFO] IPUIPlugin:80 - create IPUIPlugin
2025-03-26 01:26:39,209 [INFO] PluginManager:220 - loadIPPluginJar : add dma
2025-03-26 01:26:39,211 [INFO] IPUIPlugin:80 - create IPUIPlugin
2025-03-26 01:26:39,211 [INFO] PluginManager:220 - loadIPPluginJar : add opamp
2025-03-26 01:26:39,214 [INFO] IPUIPlugin:80 - create IPUIPlugin
2025-03-26 01:26:39,215 [INFO] PluginManager:220 - loadIPPluginJar : add freertos
2025-03-26 01:26:39,316 [INFO] CADModel:165 - CPN selected for project level
2025-03-26 01:26:39,317 [INFO] CADModel:114 - Register for checkConnection events
2025-03-26 01:26:39,317 [FATAL] Updater:334 - Updater called before beeing initialized
2025-03-26 01:26:39,317 [ERROR] CADModel:125 - Updater not yet initialized, retry later 
2025-03-26 01:26:39,445 [INFO] CADModel:165 - CPN selected for project level
2025-03-26 01:26:39,446 [INFO] CADModel:114 - Register for checkConnection events
2025-03-26 01:26:39,446 [FATAL] Updater:334 - Updater called before beeing initialized
2025-03-26 01:26:39,446 [ERROR] CADModel:125 - Updater not yet initialized, retry later 
2025-03-26 01:26:39,449 [FATAL] Updater:334 - Updater called before beeing initialized
2025-03-26 01:26:39,528 [FATAL] Updater:334 - Updater called before beeing initialized
2025-03-26 01:26:39,532 [INFO] DbMcusAds:53 - JSON generation date=Thu Mar 06 17:54:21 TRT 2025 (1741272861825)
2025-03-26 01:26:39,532 [FATAL] Updater:334 - Updater called before beeing initialized
2025-03-26 01:26:39,571 [WARN] DetailPanel:346 - Failed to get advertising image, set to default
2025-03-26 01:26:39,664 [FATAL] Updater:334 - Updater called before beeing initialized
2025-03-26 01:26:39,666 [FATAL] Updater:334 - Updater called before beeing initialized
2025-03-26 01:26:39,666 [FATAL] Updater:334 - Updater called before beeing initialized
2025-03-26 01:26:39,666 [WARN] DetailPanel:346 - Failed to get advertising image, set to default
2025-03-26 01:26:39,667 [FATAL] Updater:334 - Updater called before beeing initialized
2025-03-26 01:26:39,699 [ERROR] Updater:1164 - MainUpdater not yet initialized. External WinMGr cannot be set.
2025-03-26 01:26:39,700 [INFO] Updater:1100 - Updater Version found : 6.12.1
2025-03-26 01:26:39,717 [INFO] ApplicationProperties:184 - Using Application install path: /opt/st/stm32cubeide_1.16.1/plugins/com.st.stm32cube.common.mx_6.12.1.202409122256
2025-03-26 01:26:39,967 [INFO] MainUpdater:2873 - connection check result : 10
2025-03-26 01:26:39,967 [INFO] MainUpdater:290 - Updater Check For Update Now.
2025-03-26 01:26:39,968 [INFO] MicroXplorer:498 - Change Database Version : DB.6.0.121
2025-03-26 01:26:39,973 [INFO] McuFinderGlobals:63 - Set McuFinder mode to 2 (CubeIDE integrated)
2025-03-26 01:26:39,973 [INFO] UserAuth:417 - Internet connection configuration mode: 1
2025-03-26 01:26:39,987 [INFO] JxBrowserEngine:152 - Initiate JxBrowser Engine with user profile folder
2025-03-26 01:26:40,152 [INFO] CheckServerUpdateThread:120 - End of CheckServer Thread
2025-03-26 01:26:40,470 [INFO] WebApp:167 - Instantiating new browser for Auth
2025-03-26 01:26:41,007 [INFO] WebApp:448 - Apply proxy settings
2025-03-26 01:26:41,007 [INFO] WebApp:533 - Chromium requires no authentication
2025-03-26 01:26:41,014 [INFO] WebApp:476 - Direct internet connection detected
2025-03-26 01:26:41,027 [INFO] WebApp:869 - Register for checkConnection events
2025-03-26 01:26:41,027 [INFO] WebApp:448 - Apply proxy settings
2025-03-26 01:26:41,027 [INFO] WebApp:533 - Chromium requires no authentication
2025-03-26 01:26:41,027 [INFO] WebApp:476 - Direct internet connection detected
2025-03-26 01:26:41,119 [INFO] WebApp:220 - Starting web application
2025-03-26 01:26:41,120 [INFO] WebApp:578 - Web application path used /opt/st/stm32cubeide_1.16.1/plugins/com.st.stm32cube.common.mx_6.12.1.202409122256/db/plugins/mcufinder/reactClient1/index.html
2025-03-26 01:26:41,205 [INFO] UserAuth:417 - Internet connection configuration mode: 1
2025-03-26 01:26:41,323 [INFO] WebApp:186 - Connection restablished
2025-03-26 01:26:41,817 [WARN] PackLoader:240 - Cannot read IP mode file for STMicroelectronics.FP-SNS-MOTENVWB1.1.4.0
2025-03-26 01:26:41,824 [WARN] PackLoader:240 - Cannot read IP mode file for STMicroelectronics.FP-ATR-ASTRA1.2.0.2
2025-03-26 01:26:41,827 [WARN] PackLoader:240 - Cannot read IP mode file for STMicroelectronics.FP-ATR-ASTRA1.2.0.1
2025-03-26 01:26:41,833 [WARN] PackLoader:240 - Cannot read IP mode file for STMicroelectronics.X-CUBE-SMBUS.2.1.0
2025-03-26 01:26:41,840 [WARN] PackLoader:240 - Cannot read IP mode file for STMicroelectronics.X-CUBE-WB05N.1.1.0
2025-03-26 01:26:41,877 [WARN] PackLoader:240 - Cannot read IP mode file for STMicroelectronics.X-CUBE-AZRTOS-F7.1.1.0
2025-03-26 01:26:41,978 [WARN] PackLoader:240 - Cannot read IP mode file for STMicroelectronics.X-CUBE-MEMS1.11.0.0
2025-03-26 01:26:42,142 [WARN] PackLoader:240 - Cannot read IP mode file for STMicroelectronics.FP-SNS-FLIGHT1.5.0.2
2025-03-26 01:26:42,151 [WARN] PackLoader:240 - Cannot read IP mode file for STMicroelectronics.X-CUBE-DISPLAY.3.0.0
2025-03-26 01:26:42,157 [WARN] PackLoader:240 - Cannot read IP mode file for STMicroelectronics.X-CUBE-BLE1.7.0.0
2025-03-26 01:26:42,169 [WARN] PackLoader:240 - Cannot read IP mode file for STMicroelectronics.X-CUBE-NFC10.1.0.0
2025-03-26 01:26:42,186 [WARN] PackLoader:240 - Cannot read IP mode file for STMicroelectronics.X-CUBE-BLEMGR.4.0.0
2025-03-26 01:26:42,196 [WARN] PackLoader:240 - Cannot read IP mode file for emotas.I-CUBE-CANOPEN.1.3.0
2025-03-26 01:26:42,208 [WARN] PackLoader:240 - Cannot read IP mode file for STMicroelectronics.X-CUBE-BLEMGR.3.1.0
2025-03-26 01:26:42,215 [WARN] PackLoader:240 - Cannot read IP mode file for STMicroelectronics.X-CUBE-AI.10.0.0
2025-03-26 01:26:42,220 [WARN] PackLoader:240 - Cannot read IP mode file for STMicroelectronics.FP-SNS-SMARTAG2.1.2.0
2025-03-26 01:26:42,234 [ERROR] Engine:466 - /home/sj/.stm32cubemx/thirdparties/pdsc/STMicroelectronics.FP-SNS-FLIGHT1.5.1.0.pdsc: PDSC version is not supported
2025-03-26 01:26:42,295 [WARN] PackLoader:240 - Cannot read IP mode file for STMicroelectronics.X-CUBE-MEMS1.11.1.0
2025-03-26 01:26:42,429 [INFO] LogOutputStream:77 - [STDOUT_REDIRECT] 1 : Invalid condition id : UX_CORESTACK_Condition cause : null
2025-03-26 01:26:42,429 [INFO] LogOutputStream:77 - [STDOUT_REDIRECT] 1 : Invalid condition id : UX_CORESTACK_Condition cause : null
2025-03-26 01:26:42,430 [INFO] LogOutputStream:77 - [STDOUT_REDIRECT] 1 : Invalid condition id : UX_CORESTACK_Condition cause : null
2025-03-26 01:26:42,430 [INFO] LogOutputStream:77 - [STDOUT_REDIRECT] 1 : Invalid condition id : UX_CORESTACK_Condition cause : null
2025-03-26 01:26:42,430 [INFO] LogOutputStream:77 - [STDOUT_REDIRECT] 1 : Invalid condition id : UX_CORESTACK_Condition cause : null
2025-03-26 01:26:42,433 [WARN] PackLoader:240 - Cannot read IP mode file for STMicroelectronics.X-CUBE-AZRTOS-WL.2.0.0
2025-03-26 01:26:42,436 [WARN] PackLoader:240 - Cannot read IP mode file for STMicroelectronics.FP-SNS-MOTENV1.5.0.0
2025-03-26 01:26:42,439 [WARN] PackLoader:240 - Cannot read IP mode file for wolfSSL.I-CUBE-wolfMQTT.1.19.0
2025-03-26 01:26:42,444 [WARN] PackLoader:240 - Cannot read IP mode file for WES.I-CUBE-Cesium.1.3.0
2025-03-26 01:26:42,447 [WARN] PackLoader:240 - Cannot read IP mode file for STMicroelectronics.X-CUBE-BLE2.3.3.0
2025-03-26 01:26:42,452 [WARN] PackLoader:240 - Cannot read IP mode file for STMicroelectronics.X-CUBE-NFC9.1.0.0
2025-03-26 01:26:42,456 [WARN] PackLoader:240 - Cannot read IP mode file for STMicroelectronics.X-CUBE-BLE1.7.1.0
2025-03-26 01:26:42,459 [WARN] PackLoader:240 - Cannot read IP mode file for STMicroelectronics.X-CUBE-TCPP.4.1.0
2025-03-26 01:26:42,474 [WARN] PackLoader:240 - Cannot read IP mode file for STMicroelectronics.X-CUBE-AZRTOS-G0.1.1.0
2025-03-26 01:26:42,482 [WARN] PackLoader:240 - Cannot read IP mode file for STMicroelectronics.X-CUBE-SAFEA1.1.2.2
2025-03-26 01:26:42,486 [WARN] PackLoader:240 - Cannot read IP mode file for STMicroelectronics.X-CUBE-NFC4.3.0.0
2025-03-26 01:26:42,493 [WARN] PackLoader:240 - Cannot read IP mode file for EmbeddedOffice.I-CUBE-FS-RTOS.1.0.1
2025-03-26 01:26:42,494 [ERROR] ConditionMgr:805 - Attr not supported : Dmpu
2025-03-26 01:26:42,494 [ERROR] ConditionMgr:805 - Attr not supported : Dmpu
2025-03-26 01:26:42,494 [ERROR] ConditionMgr:805 - Attr not supported : Dmpu
2025-03-26 01:26:42,494 [ERROR] ConditionMgr:805 - Attr not supported : Dmpu
2025-03-26 01:26:42,494 [ERROR] ConditionMgr:805 - Attr not supported : Dmpu
2025-03-26 01:26:42,494 [ERROR] ConditionMgr:805 - Attr not supported : Dmpu
2025-03-26 01:26:42,494 [ERROR] ConditionMgr:805 - Attr not supported : Dmpu
2025-03-26 01:26:42,494 [ERROR] ConditionMgr:805 - Attr not supported : Dmpu
2025-03-26 01:26:42,494 [ERROR] ConditionMgr:805 - Attr not supported : Dmpu
2025-03-26 01:26:42,494 [ERROR] ConditionMgr:805 - Attr not supported : Dmpu
2025-03-26 01:26:42,494 [ERROR] ConditionMgr:805 - Attr not supported : Dmpu
2025-03-26 01:26:42,494 [ERROR] ConditionMgr:805 - Attr not supported : Dmpu
2025-03-26 01:26:42,494 [ERROR] ConditionMgr:805 - Attr not supported : Dmpu
2025-03-26 01:26:42,495 [ERROR] ConditionMgr:805 - Attr not supported : Dmpu
2025-03-26 01:26:42,495 [ERROR] ConditionMgr:805 - Attr not supported : Dmpu
2025-03-26 01:26:42,495 [ERROR] ConditionMgr:805 - Attr not supported : Dmpu
2025-03-26 01:26:42,495 [ERROR] ConditionMgr:805 - Attr not supported : Dmpu
2025-03-26 01:26:42,495 [ERROR] ConditionMgr:805 - Attr not supported : Dmpu
2025-03-26 01:26:42,495 [ERROR] ConditionMgr:805 - Attr not supported : Dmpu
2025-03-26 01:26:42,495 [ERROR] ConditionMgr:805 - Attr not supported : Dmpu
2025-03-26 01:26:42,495 [ERROR] ConditionMgr:805 - Attr not supported : Dmpu
2025-03-26 01:26:42,495 [ERROR] ConditionMgr:805 - Attr not supported : Dmpu
2025-03-26 01:26:42,495 [ERROR] ConditionMgr:805 - Attr not supported : Dmpu
2025-03-26 01:26:42,495 [ERROR] ConditionMgr:805 - Attr not supported : Dmpu
2025-03-26 01:26:42,495 [ERROR] ConditionMgr:805 - Attr not supported : Dmpu
2025-03-26 01:26:42,495 [ERROR] ConditionMgr:805 - Attr not supported : Dmpu
2025-03-26 01:26:42,495 [ERROR] ConditionMgr:805 - Attr not supported : Dmpu
2025-03-26 01:26:42,495 [ERROR] ConditionMgr:805 - Attr not supported : Dmpu
2025-03-26 01:26:42,495 [ERROR] ConditionMgr:805 - Attr not supported : Dmpu
2025-03-26 01:26:42,496 [ERROR] ConditionMgr:805 - Attr not supported : Dmpu
2025-03-26 01:26:42,496 [ERROR] ConditionMgr:805 - Attr not supported : Dmpu
2025-03-26 01:26:42,496 [ERROR] ConditionMgr:805 - Attr not supported : Dmpu
2025-03-26 01:26:42,496 [ERROR] ConditionMgr:805 - Attr not supported : Dmpu
2025-03-26 01:26:42,496 [ERROR] ConditionMgr:805 - Attr not supported : Dmpu
2025-03-26 01:26:42,496 [ERROR] ConditionMgr:805 - Attr not supported : Dmpu
2025-03-26 01:26:42,496 [ERROR] ConditionMgr:805 - Attr not supported : Dmpu
2025-03-26 01:26:42,496 [ERROR] ConditionMgr:805 - Attr not supported : Dmpu
2025-03-26 01:26:42,497 [ERROR] ConditionMgr:805 - Attr not supported : Dmpu
2025-03-26 01:26:42,497 [ERROR] ConditionMgr:805 - Attr not supported : Dmpu
2025-03-26 01:26:42,497 [ERROR] ConditionMgr:805 - Attr not supported : Dmpu
2025-03-26 01:26:42,497 [ERROR] ConditionMgr:805 - Attr not supported : Dmpu
2025-03-26 01:26:42,497 [ERROR] ConditionMgr:805 - Attr not supported : Dmpu
2025-03-26 01:26:42,497 [ERROR] ConditionMgr:805 - Attr not supported : Dmpu
2025-03-26 01:26:42,497 [ERROR] ConditionMgr:805 - Attr not supported : Dmpu
2025-03-26 01:26:42,497 [ERROR] ConditionMgr:805 - Attr not supported : Dmpu
2025-03-26 01:26:42,497 [ERROR] ConditionMgr:805 - Attr not supported : Dmpu
2025-03-26 01:26:42,497 [ERROR] ConditionMgr:805 - Attr not supported : Dmpu
2025-03-26 01:26:42,497 [ERROR] ConditionMgr:805 - Attr not supported : Dmpu
2025-03-26 01:26:42,498 [ERROR] ConditionMgr:805 - Attr not supported : Dmpu
2025-03-26 01:26:42,498 [ERROR] ConditionMgr:805 - Attr not supported : Dmpu
2025-03-26 01:26:42,498 [ERROR] ConditionMgr:805 - Attr not supported : Dmpu
2025-03-26 01:26:42,498 [ERROR] ConditionMgr:805 - Attr not supported : Dmpu
2025-03-26 01:26:42,498 [ERROR] ConditionMgr:805 - Attr not supported : Dmpu
2025-03-26 01:26:42,498 [ERROR] ConditionMgr:805 - Attr not supported : Dmpu
2025-03-26 01:26:42,498 [ERROR] ConditionMgr:805 - Attr not supported : Dmpu
2025-03-26 01:26:42,498 [ERROR] ConditionMgr:805 - Attr not supported : Dmpu
2025-03-26 01:26:42,498 [ERROR] ConditionMgr:805 - Attr not supported : Dmpu
2025-03-26 01:26:42,498 [ERROR] ConditionMgr:805 - Attr not supported : Dmpu
2025-03-26 01:26:42,498 [ERROR] ConditionMgr:805 - Attr not supported : Dmpu
2025-03-26 01:26:42,498 [ERROR] ConditionMgr:805 - Attr not supported : Dmpu
2025-03-26 01:26:42,498 [ERROR] ConditionMgr:805 - Attr not supported : Dmpu
2025-03-26 01:26:42,499 [ERROR] ConditionMgr:805 - Attr not supported : Dmpu
2025-03-26 01:26:42,499 [ERROR] ConditionMgr:805 - Attr not supported : Dmpu
2025-03-26 01:26:42,499 [ERROR] ConditionMgr:805 - Attr not supported : Dmpu
2025-03-26 01:26:42,501 [ERROR] Engine:466 - /home/sj/.stm32cubemx/thirdparties/pdsc/STMicroelectronics.X-CUBE-TCPP.4.2.0.pdsc: PDSC version is not supported
2025-03-26 01:26:42,503 [WARN] PackLoader:240 - Cannot read IP mode file for RealThread.X-CUBE-RT-Thread_Nano.4.1.1
2025-03-26 01:26:42,505 [WARN] PackLoader:240 - Cannot read IP mode file for STMicroelectronics.FP-ATR-SIGFOX1.3.2.0
2025-03-26 01:26:42,507 [WARN] ConditionMgr:438 - getConditionDescription Invalid condition id : Cortex-A Device cause : null
2025-03-26 01:26:42,515 [WARN] ConditionMgr:1039 - genDependencies : Invalid condition id : Cortex-A Device cause : null
2025-03-26 01:26:42,515 [WARN] ConditionMgr:1039 - genDependencies : Invalid condition id : Cortex-A Device cause : null
2025-03-26 01:26:42,515 [WARN] ConditionMgr:1039 - genDependencies : Invalid condition id : Cortex-A Device cause : null
2025-03-26 01:26:42,519 [WARN] PackLoader:240 - Cannot read IP mode file for STMicroelectronics.X-CUBE-EEPRMA1.5.1.0
2025-03-26 01:26:42,522 [WARN] PackLoader:240 - Cannot read IP mode file for wolfSSL.I-CUBE-wolfSSL.5.7.4
2025-03-26 01:26:42,525 [WARN] PackLoader:240 - Cannot read IP mode file for ITTIA_DB.I-CUBE-ITTIADB.8.9.0
2025-03-26 01:26:42,556 [WARN] PackLoader:240 - Cannot read IP mode file for SEGGER.I-CUBE-embOS.1.3.1
2025-03-26 01:26:42,602 [WARN] PackLoader:240 - Cannot read IP mode file for STMicroelectronics.X-CUBE-ALGOBUILD.1.4.0
2025-03-26 01:26:42,606 [WARN] PackLoader:240 - Cannot read IP mode file for STMicroelectronics.X-CUBE-AI.9.1.0
2025-03-26 01:26:42,620 [WARN] PackLoader:240 - Cannot read IP mode file for STMicroelectronics.X-CUBE-AZRTOS-F4.1.1.0
2025-03-26 01:26:42,625 [WARN] PackLoader:240 - Cannot read IP mode file for STMicroelectronics.X-CUBE-ISPU.2.1.0
2025-03-26 01:26:42,628 [WARN] PackLoader:240 - Cannot read IP mode file for STMicroelectronics.X-CUBE-FREERTOS.1.2.0
2025-03-26 01:26:42,647 [WARN] PackLoader:240 - Cannot read IP mode file for STMicroelectronics.X-CUBE-AZRTOS-L5.2.0.0
2025-03-26 01:26:42,655 [WARN] PackLoader:240 - Cannot read IP mode file for STMicroelectronics.X-CUBE-NFC6.3.1.0
2025-03-26 01:26:42,661 [WARN] PackLoader:240 - Cannot read IP mode file for STMicroelectronics.X-CUBE-DPower.1.2.0
2025-03-26 01:26:42,664 [WARN] PackLoader:240 - Cannot read IP mode file for STMicroelectronics.X-CUBE-FREERTOS.1.3.0
2025-03-26 01:26:42,667 [WARN] PackLoader:240 - Cannot read IP mode file for STMicroelectronics.X-CUBE-NFC7.1.0.1
2025-03-26 01:26:42,683 [WARN] ConditionMgr:438 - getConditionDescription Invalid condition id : LAN8742 Phy interface Condition cause : null
2025-03-26 01:26:42,684 [WARN] PackLoader:240 - Cannot read IP mode file for STMicroelectronics.X-CUBE-AZRTOS-L4.2.0.0
2025-03-26 01:26:42,685 [WARN] ConditionMgr:1039 - genDependencies : Invalid condition id : LAN8742 Phy interface Condition cause : null
2025-03-26 01:26:42,685 [WARN] ConditionMgr:1039 - genDependencies : Invalid condition id : LAN8742 Phy interface Condition cause : null
2025-03-26 01:26:42,685 [WARN] ConditionMgr:1039 - genDependencies : Invalid condition id : LAN8742 Phy interface Condition cause : null
2025-03-26 01:26:42,691 [WARN] PackLoader:240 - Cannot read IP mode file for STMicroelectronics.X-CUBE-SFXS2LP1.4.0.0
2025-03-26 01:26:42,706 [WARN] PackLoader:240 - Cannot read IP mode file for STMicroelectronics.X-CUBE-AZRTOS-H7.3.3.0
2025-03-26 01:26:42,715 [WARN] PackLoader:240 - Cannot read IP mode file for STMicroelectronics.X-CUBE-IPS.3.0.0
2025-03-26 01:26:42,727 [WARN] ConditionMgr:438 - getConditionDescription Invalid condition id : UX DEVICE CLASS RTOS Condition cause : null
2025-03-26 01:26:42,727 [WARN] ConditionMgr:438 - getConditionDescription Invalid condition id : UX DEVICE CLASS RTOS Condition cause : null
2025-03-26 01:26:42,729 [WARN] PackLoader:240 - Cannot read IP mode file for STMicroelectronics.X-CUBE-AZRTOS-WB.2.0.0
2025-03-26 01:26:42,730 [WARN] ConditionMgr:1039 - genDependencies : Invalid condition id : UX DEVICE CLASS RTOS Condition cause : null
2025-03-26 01:26:42,730 [WARN] ConditionMgr:1039 - genDependencies : Invalid condition id : UX DEVICE CLASS RTOS Condition cause : null
2025-03-26 01:26:42,733 [WARN] ConditionMgr:1039 - genDependencies : Invalid condition id : UX DEVICE CLASS RTOS Condition cause : null
2025-03-26 01:26:42,733 [WARN] ConditionMgr:1039 - genDependencies : Invalid condition id : UX DEVICE CLASS RTOS Condition cause : null
2025-03-26 01:26:42,734 [WARN] ConditionMgr:1039 - genDependencies : Invalid condition id : UX DEVICE CLASS RTOS Condition cause : null
2025-03-26 01:26:42,739 [WARN] PackLoader:240 - Cannot read IP mode file for STMicroelectronics.X-CUBE-GNSS1.7.0.0
2025-03-26 01:26:42,742 [WARN] PackLoader:240 - Cannot read IP mode file for STMicroelectronics.X-CUBE-GNSS1.7.0.1
2025-03-26 01:26:42,745 [WARN] PackLoader:240 - Cannot read IP mode file for STMicroelectronics.X-CUBE-TOUCHGFX.4.25.0
2025-03-26 01:26:42,749 [WARN] PackLoader:240 - Cannot read IP mode file for STMicroelectronics.FP-SNS-STBOX1.2.0.0
2025-03-26 01:26:42,761 [WARN] PackLoader:240 - Cannot read IP mode file for STMicroelectronics.X-CUBE-SUBG2.5.0.0
2025-03-26 01:26:42,777 [WARN] PackLoader:240 - Cannot read IP mode file for STMicroelectronics.X-CUBE-AZRTOS-H7RS.1.1.0
2025-03-26 01:26:42,781 [WARN] PackLoader:240 - Cannot read IP mode file for Cesanta.I-CUBE-Mongoose.7.13.0
2025-03-26 01:26:42,790 [WARN] PackLoader:240 - Cannot read IP mode file for STMicroelectronics.X-CUBE-AZRTOS-G4.2.0.0
2025-03-26 01:26:42,796 [ERROR] Engine:466 - /home/sj/.stm32cubemx/thirdparties/pdsc/STMicroelectronics.X-CUBE-IPS.3.1.0.pdsc: PDSC version is not supported
2025-03-26 01:26:42,798 [WARN] PackLoader:240 - Cannot read IP mode file for STMicroelectronics.X-CUBE-ALS.1.0.2
2025-03-26 01:26:42,800 [WARN] PackLoader:240 - Cannot read IP mode file for STMicroelectronics.X-CUBE-TOUCHGFX.4.24.1
2025-03-26 01:26:42,802 [WARN] PackLoader:240 - Cannot read IP mode file for wolfSSL.I-CUBE-wolfTPM.3.4.0
2025-03-26 01:26:42,805 [WARN] PackLoader:240 - Cannot read IP mode file for portGmbH.I-Cube-SoM-uGOAL.1.1.0
2025-03-26 01:26:42,820 [WARN] PackLoader:240 - Cannot read IP mode file for STMicroelectronics.X-CUBE-AZRTOS-H7RS.1.0.0
2025-03-26 01:26:42,829 [WARN] PackLoader:240 - Cannot read IP mode file for STMicroelectronics.X-CUBE-TOF1.3.4.2
2025-03-26 01:26:42,855 [WARN] PackLoader:240 - Cannot read IP mode file for Infineon.AIROC-Wi-Fi-Bluetooth-STM32.1.6.1
2025-03-26 01:26:42,860 [WARN] PackLoader:240 - Cannot read IP mode file for wolfSSL.I-CUBE-wolfSSH.1.4.17
2025-03-26 01:26:42,860 [INFO] ThirdParty:978 - Integrity check success = true
2025-03-26 01:26:42,861 [INFO] IntegrityCheckThread:100 - exiting critical section [integrity check]
2025-03-26 01:26:42,861 [INFO] IntegrityCheckThread:103 - End integrity checks thread
2025-03-26 01:30:01,818 [ERROR] LogOutputStream:75 - [STDERR_REDIRECT] 
