2025-04-01 02:15:44,983 [ERROR] LogOutputStream:75 - [STDERR_REDIRECT] 
2025-04-01 02:31:05,634 [INFO] Activator:176 - 


2025-04-01 02:31:05,636 [INFO] Activator:177 - !SESSION log4j initialized
2025-04-01 02:31:11,174 [INFO] LogOutputStream:77 - [STDOUT_REDIRECT] 
2025-04-01 02:31:12,208 [INFO] ApplicationProperties:184 - Using Application install path: /opt/st/stm32cubeide_1.16.1/plugins/com.st.stm32cube.common.mx_6.12.1.202409122256
2025-04-01 02:31:12,243 [INFO] DbMcusXml:78 - Set database path to: /opt/st/stm32cubeide_1.16.1/plugins/com.st.stm32cube.common.mx_6.12.1.202409122256//db//mcu/
2025-04-01 02:31:12,243 [INFO] ApiDb:274 - Set plugin database path to: /opt/st/stm32cubeide_1.16.1/plugins/com.st.stm32cube.common.mx_6.12.1.202409122256//db//plugins/boardmanager/
2025-04-01 02:31:12,244 [WARN] ApiDb:259 - Overriding images path with different value:  => /opt/st/stm32cubeide_1.16.1/plugins/com.st.stm32cube.common.mx_6.12.1.202409122256//db//plugins/mcufinder/images/
2025-04-01 02:31:12,255 [INFO] ApiDb:250 - Set database path to: /home/sj/.stmcufinder/plugins/mcufinder//mcu/
2025-04-01 02:31:12,258 [INFO] DbMcusAds:125 - Set database path to: /home/sj/.stmcufinder/plugins/mcufinder//mcu/
2025-04-01 02:31:12,261 [INFO] CrossReferenceDbSqlite:203 - Set database path to: /home/sj/.stmcufinder/plugins/mcufinder//mcu/cs/
2025-04-01 02:31:12,432 [INFO] RulesReader:64 - Compatibility file has been processed (297 Rules)
2025-04-01 02:31:12,513 [INFO] DbMcusXml:78 - Set database path to: /opt/st/stm32cubeide_1.16.1/plugins/com.st.stm32cube.common.mx_6.12.1.202409122256//db//mcu/
2025-04-01 02:31:12,513 [INFO] ApiDb:274 - Set plugin database path to: /opt/st/stm32cubeide_1.16.1/plugins/com.st.stm32cube.common.mx_6.12.1.202409122256//db//plugins/boardmanager/
2025-04-01 02:31:12,513 [INFO] ApiDb:261 - Set plugin images path to: /opt/st/stm32cubeide_1.16.1/plugins/com.st.stm32cube.common.mx_6.12.1.202409122256//db//plugins/mcufinder/images/
2025-04-01 02:31:12,513 [WARN] DbFile:41 - Overriding database path with different value: /home/sj/.stmcufinder/plugins/mcufinder/ => /home/sj/.stmcufinder/plugins/mcufinder
2025-04-01 02:31:12,513 [INFO] ApiDb:250 - Set database path to: /home/sj/.stmcufinder/plugins/mcufinder//mcu/
2025-04-01 02:31:12,513 [WARN] DbFile:41 - Overriding database path with different value: /home/sj/.stmcufinder/plugins/mcufinder/ => /home/sj/.stmcufinder/plugins/mcufinder
2025-04-01 02:31:12,513 [INFO] DbMcusAds:125 - Set database path to: /home/sj/.stmcufinder/plugins/mcufinder//mcu/
2025-04-01 02:31:12,514 [WARN] DbFile:41 - Overriding database path with different value: /home/sj/.stmcufinder/plugins/mcufinder/ => /home/sj/.stmcufinder/plugins/mcufinder
2025-04-01 02:31:12,514 [WARN] DbFile:41 - Overriding database path with different value: /home/sj/.stmcufinder/plugins/mcufinder/ => /home/sj/.stmcufinder/plugins/mcufinder
2025-04-01 02:31:12,514 [INFO] CrossReferenceDbSqlite:203 - Set database path to: /home/sj/.stmcufinder/plugins/mcufinder//mcu/cs/
2025-04-01 02:31:12,626 [INFO] MainPanel:268 - HeapMemory: 591396864
2025-04-01 02:31:12,785 [INFO] DbMcusXml:78 - Set database path to: /opt/st/stm32cubeide_1.16.1/plugins/com.st.stm32cube.common.mx_6.12.1.202409122256//db//mcu/
2025-04-01 02:31:12,785 [INFO] ApiDb:274 - Set plugin database path to: /opt/st/stm32cubeide_1.16.1/plugins/com.st.stm32cube.common.mx_6.12.1.202409122256//db//plugins/boardmanager/
2025-04-01 02:31:12,785 [INFO] ApiDb:261 - Set plugin images path to: /opt/st/stm32cubeide_1.16.1/plugins/com.st.stm32cube.common.mx_6.12.1.202409122256//db//plugins/mcufinder/images/
2025-04-01 02:31:12,785 [WARN] DbFile:41 - Overriding database path with different value: /home/sj/.stmcufinder/plugins/mcufinder/ => /home/sj/.stmcufinder/plugins/mcufinder
2025-04-01 02:31:12,785 [INFO] ApiDb:250 - Set database path to: /home/sj/.stmcufinder/plugins/mcufinder//mcu/
2025-04-01 02:31:12,785 [WARN] DbFile:41 - Overriding database path with different value: /home/sj/.stmcufinder/plugins/mcufinder/ => /home/sj/.stmcufinder/plugins/mcufinder
2025-04-01 02:31:12,786 [INFO] DbMcusAds:125 - Set database path to: /home/sj/.stmcufinder/plugins/mcufinder//mcu/
2025-04-01 02:31:12,786 [WARN] DbFile:41 - Overriding database path with different value: /home/sj/.stmcufinder/plugins/mcufinder/ => /home/sj/.stmcufinder/plugins/mcufinder
2025-04-01 02:31:12,786 [WARN] DbFile:41 - Overriding database path with different value: /home/sj/.stmcufinder/plugins/mcufinder/ => /home/sj/.stmcufinder/plugins/mcufinder
2025-04-01 02:31:12,786 [INFO] CrossReferenceDbSqlite:203 - Set database path to: /home/sj/.stmcufinder/plugins/mcufinder//mcu/cs/
2025-04-01 02:31:12,810 [INFO] ApplicationProperties:184 - Using Application install path: /opt/st/stm32cubeide_1.16.1/plugins/com.st.stm32cube.common.mx_6.12.1.202409122256
2025-04-01 02:31:12,812 [INFO] PluginManage:196 - Search for loadable plugins [exclusion list=, ]
2025-04-01 02:31:12,815 [INFO] PluginManage:310 - Check plugin analytics
2025-04-01 02:31:13,051 [INFO] AnalyticsPlugin:253 - Accepted Software Licenses: 
2025-04-01 02:31:13,051 [INFO] AnalyticsPlugin:255 - Accepted CMSIS Pack Licenses: 
2025-04-01 02:31:13,051 [INFO] AnalyticsPlugin:257 - Accepted Firmware Licenses: 
2025-04-01 02:31:13,056 [INFO] PluginManage:359 - Loaded plugin analytics (category:tool,tabindex:-1)
2025-04-01 02:31:13,056 [INFO] PluginManage:310 - Check plugin cadmodel
2025-04-01 02:31:13,063 [INFO] CADModel:105 - Init CAD model plugin
2025-04-01 02:31:13,063 [INFO] PluginManage:359 - Loaded plugin cadmodel (category:power,tabindex:5)
2025-04-01 02:31:13,063 [INFO] PluginManage:310 - Check plugin clock
2025-04-01 02:31:13,075 [INFO] PluginManage:359 - Loaded plugin clock (category:base,tabindex:2)
2025-04-01 02:31:13,075 [INFO] PluginManage:310 - Check plugin ddr
2025-04-01 02:31:13,078 [INFO] PluginManage:359 - Loaded plugin ddr (category:tool,tabindex:6)
2025-04-01 02:31:13,078 [INFO] PluginManage:310 - Check plugin filemanager
2025-04-01 02:31:13,255 [INFO] PluginManage:359 - Loaded plugin filemanager (category:base,tabindex:10)
2025-04-01 02:31:13,255 [INFO] PluginManage:310 - Check plugin ipmanager
2025-04-01 02:31:13,260 [INFO] PluginManage:359 - Loaded plugin ipmanager (category:base,tabindex:5)
2025-04-01 02:31:13,260 [INFO] PluginManage:310 - Check plugin lpbam
2025-04-01 02:31:13,270 [INFO] PluginManage:359 - Loaded plugin lpbam (category:base,tabindex:0)
2025-04-01 02:31:13,270 [INFO] PluginManage:310 - Check plugin memorymap
2025-04-01 02:31:13,284 [INFO] PluginManage:359 - Loaded plugin memorymap (category:base,tabindex:4)
2025-04-01 02:31:13,284 [INFO] PluginManage:310 - Check plugin pinoutandconfiguration
2025-04-01 02:31:13,293 [INFO] PluginManage:359 - Loaded plugin pinoutandconfiguration (category:base,tabindex:1)
2025-04-01 02:31:13,294 [INFO] PluginManage:310 - Check plugin pinoutconfig
2025-04-01 02:31:13,400 [WARN] SupportedApi:132 - Cannot load RTOS API schema: s4s-elt-must-match.1: The content of 'definitions' must match (annotation?, (simpleType | complexType)?, (unique | key | keyref)*)). A problem was found starting at: attribute.
2025-04-01 02:31:13,550 [INFO] PluginManage:359 - Loaded plugin pinoutconfig (category:base,tabindex:0)
2025-04-01 02:31:13,550 [INFO] PluginManage:310 - Check plugin power
2025-04-01 02:31:13,560 [INFO] PluginManage:359 - Loaded plugin power (category:power,tabindex:4)
2025-04-01 02:31:13,560 [INFO] PluginManage:310 - Check plugin projectmanager
2025-04-01 02:31:13,577 [INFO] PluginManage:359 - Loaded plugin projectmanager (category:projectmanager,tabindex:4)
2025-04-01 02:31:13,577 [INFO] PluginManage:310 - Check plugin rif
2025-04-01 02:31:13,583 [INFO] PluginManage:359 - Loaded plugin rif (category:base,tabindex:3)
2025-04-01 02:31:13,583 [INFO] PluginManage:310 - Check plugin thirdparty
2025-04-01 02:31:13,702 [INFO] PluginManage:359 - Loaded plugin thirdparty (category:base,tabindex:-1)
2025-04-01 02:31:13,702 [WARN] IntegrityCheckThread:84 - waiting for thirdparty lock release [integrity check]
2025-04-01 02:31:13,703 [INFO] PluginManage:310 - Check plugin tools
2025-04-01 02:31:13,703 [INFO] IntegrityCheckThread:86 - entering critical section [integrity check]
2025-04-01 02:31:13,703 [INFO] ThirdPartyUpdaterWithRetryManager:70 - Updater plugin not ready yet. [1/15]
2025-04-01 02:31:13,705 [INFO] PluginManage:359 - Loaded plugin tools (category:base,tabindex:7)
2025-04-01 02:31:13,705 [INFO] PluginManage:310 - Check plugin tutovideos
2025-04-01 02:31:13,929 [INFO] PluginManage:359 - Loaded plugin tutovideos (category:base,tabindex:-1)
2025-04-01 02:31:13,929 [INFO] PluginManage:310 - Check plugin updater
2025-04-01 02:31:13,947 [INFO] PluginManage:359 - Loaded plugin updater (category:base,tabindex:12)
2025-04-01 02:31:13,947 [INFO] PluginManage:310 - Check plugin userauth
2025-04-01 02:31:13,953 [INFO] UserAuth:113 - Init User Auth plugin
2025-04-01 02:31:13,953 [INFO] PluginManage:359 - Loaded plugin userauth (category:base,tabindex:14)
2025-04-01 02:31:13,953 [INFO] PluginManage:283 - PluginManage : Loaded plugins [18]
2025-04-01 02:31:14,123 [INFO] PinOutPanel:1561 - setPackage(No Configuration,No Configuration)
2025-04-01 02:31:14,197 [INFO] CADModel:165 - CPN selected for project level
2025-04-01 02:31:14,197 [INFO] CADModel:114 - Register for checkConnection events
2025-04-01 02:31:14,207 [INFO] IPUIPlugin:80 - create IPUIPlugin
2025-04-01 02:31:14,208 [INFO] PluginManager:220 - loadIPPluginJar : add dma3
2025-04-01 02:31:14,210 [INFO] IPUIPlugin:80 - create IPUIPlugin
2025-04-01 02:31:14,210 [INFO] PluginManager:220 - loadIPPluginJar : add dfsdm
2025-04-01 02:31:14,212 [INFO] IPUIPlugin:80 - create IPUIPlugin
2025-04-01 02:31:14,212 [INFO] PluginManager:220 - loadIPPluginJar : add openamp
2025-04-01 02:31:14,219 [INFO] IPUIPlugin:80 - create IPUIPlugin
2025-04-01 02:31:14,221 [INFO] PluginManager:220 - loadIPPluginJar : add plateformsettings
2025-04-01 02:31:14,226 [INFO] IPUIPlugin:80 - create IPUIPlugin
2025-04-01 02:31:14,226 [INFO] PluginManager:220 - loadIPPluginJar : add gfxmmu
2025-04-01 02:31:14,227 [INFO] IPUIPlugin:80 - create IPUIPlugin
2025-04-01 02:31:14,228 [INFO] PluginManager:220 - loadIPPluginJar : add tsc
2025-04-01 02:31:14,230 [INFO] IPUIPlugin:80 - create IPUIPlugin
2025-04-01 02:31:14,230 [INFO] PluginManager:220 - loadIPPluginJar : add pdm2pcm
2025-04-01 02:31:14,236 [INFO] IPUIPlugin:80 - create IPUIPlugin
2025-04-01 02:31:14,236 [INFO] PluginManager:220 - loadIPPluginJar : add adc
2025-04-01 02:31:14,239 [INFO] IPUIPlugin:80 - create IPUIPlugin
2025-04-01 02:31:14,239 [INFO] PluginManager:220 - loadIPPluginJar : add i3c
2025-04-01 02:31:14,242 [INFO] IPUIPlugin:80 - create IPUIPlugin
2025-04-01 02:31:14,243 [INFO] PluginManager:220 - loadIPPluginJar : add fmc
2025-04-01 02:31:14,245 [INFO] IPUIPlugin:80 - create IPUIPlugin
2025-04-01 02:31:14,245 [INFO] PluginManager:220 - loadIPPluginJar : add cryp
2025-04-01 02:31:14,246 [INFO] IPUIPlugin:80 - create IPUIPlugin
2025-04-01 02:31:14,247 [INFO] PluginManager:220 - loadIPPluginJar : add radio
2025-04-01 02:31:14,249 [INFO] IPUIPlugin:80 - create IPUIPlugin
2025-04-01 02:31:14,249 [INFO] PluginManager:220 - loadIPPluginJar : add extmemmanager
2025-04-01 02:31:14,251 [INFO] IPUIPlugin:80 - create IPUIPlugin
2025-04-01 02:31:14,251 [INFO] PluginManager:220 - loadIPPluginJar : add tracer_emb
2025-04-01 02:31:14,253 [INFO] IPUIPlugin:80 - create IPUIPlugin
2025-04-01 02:31:14,253 [INFO] PluginManager:220 - loadIPPluginJar : add i2c
2025-04-01 02:31:14,254 [INFO] IPUIPlugin:80 - create IPUIPlugin
2025-04-01 02:31:14,254 [INFO] PluginManager:220 - loadIPPluginJar : add ltdc
2025-04-01 02:31:14,256 [INFO] IPUIPlugin:80 - create IPUIPlugin
2025-04-01 02:31:14,256 [INFO] PluginManager:220 - loadIPPluginJar : add ts
2025-04-01 02:31:14,257 [INFO] IPUIPlugin:80 - create IPUIPlugin
2025-04-01 02:31:14,257 [INFO] PluginManager:220 - loadIPPluginJar : add genericplugin
2025-04-01 02:31:14,259 [INFO] IPUIPlugin:80 - create IPUIPlugin
2025-04-01 02:31:14,259 [INFO] PluginManager:220 - loadIPPluginJar : add lorawan
2025-04-01 02:31:14,263 [INFO] IPUIPlugin:80 - create IPUIPlugin
2025-04-01 02:31:14,263 [INFO] PluginManager:220 - loadIPPluginJar : add gpio
2025-04-01 02:31:14,269 [INFO] IPUIPlugin:80 - create IPUIPlugin
2025-04-01 02:31:14,269 [INFO] PluginManager:220 - loadIPPluginJar : add mdma
2025-04-01 02:31:14,272 [INFO] IPUIPlugin:80 - create IPUIPlugin
2025-04-01 02:31:14,272 [INFO] PluginManager:220 - loadIPPluginJar : add ddr_ctrl_phy
2025-04-01 02:31:14,275 [INFO] IPUIPlugin:80 - create IPUIPlugin
2025-04-01 02:31:14,275 [INFO] PluginManager:220 - loadIPPluginJar : add ipddr
2025-04-01 02:31:14,278 [INFO] IPUIPlugin:80 - create IPUIPlugin
2025-04-01 02:31:14,278 [INFO] PluginManager:220 - loadIPPluginJar : add nvic
2025-04-01 02:31:14,280 [INFO] IPUIPlugin:80 - create IPUIPlugin
2025-04-01 02:31:14,281 [INFO] PluginManager:220 - loadIPPluginJar : add sai
2025-04-01 02:31:14,283 [INFO] IPUIPlugin:80 - create IPUIPlugin
2025-04-01 02:31:14,283 [INFO] PluginManager:220 - loadIPPluginJar : add usbx
2025-04-01 02:31:14,287 [INFO] IPUIPlugin:80 - create IPUIPlugin
2025-04-01 02:31:14,287 [INFO] PluginManager:220 - loadIPPluginJar : add gic
2025-04-01 02:31:14,289 [INFO] IPUIPlugin:80 - create IPUIPlugin
2025-04-01 02:31:14,289 [INFO] PluginManager:220 - loadIPPluginJar : add spi
2025-04-01 02:31:14,291 [INFO] IPUIPlugin:80 - create IPUIPlugin
2025-04-01 02:31:14,291 [INFO] PluginManager:220 - loadIPPluginJar : add usart
2025-04-01 02:31:14,299 [INFO] IPUIPlugin:80 - create IPUIPlugin
2025-04-01 02:31:14,299 [INFO] PluginManager:220 - loadIPPluginJar : add linkedlist
2025-04-01 02:31:14,302 [INFO] IPUIPlugin:80 - create IPUIPlugin
2025-04-01 02:31:14,302 [INFO] PluginManager:220 - loadIPPluginJar : add touchsensing
2025-04-01 02:31:14,303 [INFO] IPUIPlugin:80 - create IPUIPlugin
2025-04-01 02:31:14,303 [INFO] PluginManager:220 - loadIPPluginJar : add ucpd
2025-04-01 02:31:14,304 [INFO] IPUIPlugin:80 - create IPUIPlugin
2025-04-01 02:31:14,304 [INFO] PluginManager:220 - loadIPPluginJar : add comp
2025-04-01 02:31:14,305 [INFO] IPUIPlugin:80 - create IPUIPlugin
2025-04-01 02:31:14,305 [INFO] PluginManager:220 - loadIPPluginJar : add quadspi
2025-04-01 02:31:14,307 [INFO] IPUIPlugin:80 - create IPUIPlugin
2025-04-01 02:31:14,307 [INFO] PluginManager:220 - loadIPPluginJar : add can
2025-04-01 02:31:14,312 [INFO] IPUIPlugin:80 - create IPUIPlugin
2025-04-01 02:31:14,312 [INFO] PluginManager:220 - loadIPPluginJar : add stm32_wpan
2025-04-01 02:31:14,313 [INFO] IPUIPlugin:80 - create IPUIPlugin
2025-04-01 02:31:14,313 [INFO] PluginManager:220 - loadIPPluginJar : add tim
2025-04-01 02:31:14,315 [INFO] IPUIPlugin:80 - create IPUIPlugin
2025-04-01 02:31:14,315 [INFO] PluginManager:220 - loadIPPluginJar : add gtzc
2025-04-01 02:31:14,317 [INFO] IPUIPlugin:80 - create IPUIPlugin
2025-04-01 02:31:14,317 [INFO] PluginManager:220 - loadIPPluginJar : add i2s
2025-04-01 02:31:14,318 [INFO] IPUIPlugin:80 - create IPUIPlugin
2025-04-01 02:31:14,318 [INFO] PluginManager:220 - loadIPPluginJar : add fatfs
2025-04-01 02:31:14,320 [INFO] IPUIPlugin:80 - create IPUIPlugin
2025-04-01 02:31:14,320 [INFO] PluginManager:220 - loadIPPluginJar : add hash
2025-04-01 02:31:14,322 [INFO] IPUIPlugin:80 - create IPUIPlugin
2025-04-01 02:31:14,322 [INFO] PluginManager:220 - loadIPPluginJar : add aes
2025-04-01 02:31:14,325 [INFO] IPUIPlugin:80 - create IPUIPlugin
2025-04-01 02:31:14,325 [INFO] PluginManager:220 - loadIPPluginJar : add resmgrutility
2025-04-01 02:31:14,330 [INFO] IPUIPlugin:80 - create IPUIPlugin
2025-04-01 02:31:14,330 [INFO] PluginManager:220 - loadIPPluginJar : add dma
2025-04-01 02:31:14,333 [INFO] IPUIPlugin:80 - create IPUIPlugin
2025-04-01 02:31:14,333 [INFO] PluginManager:220 - loadIPPluginJar : add opamp
2025-04-01 02:31:14,338 [INFO] IPUIPlugin:80 - create IPUIPlugin
2025-04-01 02:31:14,338 [INFO] PluginManager:220 - loadIPPluginJar : add freertos
2025-04-01 02:31:14,437 [INFO] CADModel:165 - CPN selected for project level
2025-04-01 02:31:14,437 [INFO] CADModel:114 - Register for checkConnection events
2025-04-01 02:31:14,437 [FATAL] Updater:334 - Updater called before beeing initialized
2025-04-01 02:31:14,437 [ERROR] CADModel:125 - Updater not yet initialized, retry later 
2025-04-01 02:31:14,556 [INFO] CADModel:165 - CPN selected for project level
2025-04-01 02:31:14,556 [INFO] CADModel:114 - Register for checkConnection events
2025-04-01 02:31:14,556 [FATAL] Updater:334 - Updater called before beeing initialized
2025-04-01 02:31:14,556 [ERROR] CADModel:125 - Updater not yet initialized, retry later 
2025-04-01 02:31:14,560 [FATAL] Updater:334 - Updater called before beeing initialized
2025-04-01 02:31:14,633 [FATAL] Updater:334 - Updater called before beeing initialized
2025-04-01 02:31:14,637 [INFO] DbMcusAds:53 - JSON generation date=Thu Mar 06 17:54:21 TRT 2025 (1741272861825)
2025-04-01 02:31:14,637 [FATAL] Updater:334 - Updater called before beeing initialized
2025-04-01 02:31:14,678 [WARN] DetailPanel:346 - Failed to get advertising image, set to default
2025-04-01 02:31:14,776 [FATAL] Updater:334 - Updater called before beeing initialized
2025-04-01 02:31:14,778 [FATAL] Updater:334 - Updater called before beeing initialized
2025-04-01 02:31:14,778 [FATAL] Updater:334 - Updater called before beeing initialized
2025-04-01 02:31:14,778 [WARN] DetailPanel:346 - Failed to get advertising image, set to default
2025-04-01 02:31:14,779 [FATAL] Updater:334 - Updater called before beeing initialized
2025-04-01 02:31:14,809 [ERROR] Updater:1164 - MainUpdater not yet initialized. External WinMGr cannot be set.
2025-04-01 02:31:14,811 [INFO] Updater:1100 - Updater Version found : 6.12.1
2025-04-01 02:31:14,832 [INFO] ApplicationProperties:184 - Using Application install path: /opt/st/stm32cubeide_1.16.1/plugins/com.st.stm32cube.common.mx_6.12.1.202409122256
2025-04-01 02:31:15,112 [INFO] MainUpdater:2873 - connection check result : 10
2025-04-01 02:31:15,113 [INFO] MainUpdater:290 - Updater Check For Update Now.
2025-04-01 02:31:15,113 [INFO] MicroXplorer:498 - Change Database Version : DB.6.0.121
2025-04-01 02:31:15,118 [INFO] McuFinderGlobals:63 - Set McuFinder mode to 2 (CubeIDE integrated)
2025-04-01 02:31:15,119 [INFO] UserAuth:417 - Internet connection configuration mode: 1
2025-04-01 02:31:15,133 [INFO] JxBrowserEngine:152 - Initiate JxBrowser Engine with user profile folder
2025-04-01 02:31:15,338 [INFO] CheckServerUpdateThread:120 - End of CheckServer Thread
2025-04-01 02:31:16,255 [INFO] WebApp:167 - Instantiating new browser for Auth
2025-04-01 02:31:16,860 [WARN] PackLoader:240 - Cannot read IP mode file for STMicroelectronics.FP-SNS-MOTENVWB1.1.4.0
2025-04-01 02:31:16,870 [WARN] PackLoader:240 - Cannot read IP mode file for STMicroelectronics.FP-ATR-ASTRA1.2.0.2
2025-04-01 02:31:16,875 [WARN] PackLoader:240 - Cannot read IP mode file for STMicroelectronics.FP-ATR-ASTRA1.2.0.1
2025-04-01 02:31:16,883 [WARN] PackLoader:240 - Cannot read IP mode file for STMicroelectronics.X-CUBE-SMBUS.2.1.0
2025-04-01 02:31:16,890 [WARN] PackLoader:240 - Cannot read IP mode file for STMicroelectronics.X-CUBE-WB05N.1.1.0
2025-04-01 02:31:16,922 [WARN] PackLoader:240 - Cannot read IP mode file for STMicroelectronics.X-CUBE-AZRTOS-F7.1.1.0
2025-04-01 02:31:17,002 [WARN] PackLoader:240 - Cannot read IP mode file for STMicroelectronics.X-CUBE-MEMS1.11.0.0
2025-04-01 02:31:17,205 [WARN] PackLoader:240 - Cannot read IP mode file for STMicroelectronics.FP-SNS-FLIGHT1.5.0.2
2025-04-01 02:31:17,212 [WARN] PackLoader:240 - Cannot read IP mode file for STMicroelectronics.X-CUBE-DISPLAY.3.0.0
2025-04-01 02:31:17,220 [WARN] PackLoader:240 - Cannot read IP mode file for STMicroelectronics.X-CUBE-BLE1.7.0.0
2025-04-01 02:31:17,226 [WARN] PackLoader:240 - Cannot read IP mode file for STMicroelectronics.X-CUBE-NFC10.1.0.0
2025-04-01 02:31:17,243 [WARN] PackLoader:240 - Cannot read IP mode file for STMicroelectronics.X-CUBE-BLEMGR.4.0.0
2025-04-01 02:31:17,245 [INFO] WebApp:448 - Apply proxy settings
2025-04-01 02:31:17,245 [INFO] WebApp:533 - Chromium requires no authentication
2025-04-01 02:31:17,251 [WARN] PackLoader:240 - Cannot read IP mode file for emotas.I-CUBE-CANOPEN.1.3.0
2025-04-01 02:31:17,255 [INFO] WebApp:476 - Direct internet connection detected
2025-04-01 02:31:17,290 [WARN] PackLoader:240 - Cannot read IP mode file for STMicroelectronics.X-CUBE-BLEMGR.3.1.0
2025-04-01 02:31:17,294 [WARN] PackLoader:240 - Cannot read IP mode file for STMicroelectronics.X-CUBE-AI.10.0.0
2025-04-01 02:31:17,298 [WARN] PackLoader:240 - Cannot read IP mode file for STMicroelectronics.FP-SNS-SMARTAG2.1.2.0
2025-04-01 02:31:17,301 [ERROR] Engine:466 - /home/sj/.stm32cubemx/thirdparties/pdsc/STMicroelectronics.FP-SNS-FLIGHT1.5.1.0.pdsc: PDSC version is not supported
2025-04-01 02:31:17,323 [INFO] WebApp:869 - Register for checkConnection events
2025-04-01 02:31:17,323 [INFO] WebApp:448 - Apply proxy settings
2025-04-01 02:31:17,324 [INFO] WebApp:533 - Chromium requires no authentication
2025-04-01 02:31:17,324 [INFO] WebApp:476 - Direct internet connection detected
2025-04-01 02:31:17,373 [WARN] PackLoader:240 - Cannot read IP mode file for STMicroelectronics.X-CUBE-MEMS1.11.1.0
2025-04-01 02:31:17,511 [INFO] WebApp:220 - Starting web application
2025-04-01 02:31:17,512 [INFO] WebApp:578 - Web application path used /opt/st/stm32cubeide_1.16.1/plugins/com.st.stm32cube.common.mx_6.12.1.202409122256/db/plugins/mcufinder/reactClient1/index.html
2025-04-01 02:31:17,534 [INFO] LogOutputStream:77 - [STDOUT_REDIRECT] 1 : Invalid condition id : UX_CORESTACK_Condition cause : null
2025-04-01 02:31:17,535 [INFO] LogOutputStream:77 - [STDOUT_REDIRECT] 1 : Invalid condition id : UX_CORESTACK_Condition cause : null
2025-04-01 02:31:17,536 [INFO] LogOutputStream:77 - [STDOUT_REDIRECT] 1 : Invalid condition id : UX_CORESTACK_Condition cause : null
2025-04-01 02:31:17,536 [INFO] LogOutputStream:77 - [STDOUT_REDIRECT] 1 : Invalid condition id : UX_CORESTACK_Condition cause : null
2025-04-01 02:31:17,536 [INFO] LogOutputStream:77 - [STDOUT_REDIRECT] 1 : Invalid condition id : UX_CORESTACK_Condition cause : null
2025-04-01 02:31:17,540 [WARN] PackLoader:240 - Cannot read IP mode file for STMicroelectronics.X-CUBE-AZRTOS-WL.2.0.0
2025-04-01 02:31:17,547 [WARN] PackLoader:240 - Cannot read IP mode file for STMicroelectronics.FP-SNS-MOTENV1.5.0.0
2025-04-01 02:31:17,552 [WARN] PackLoader:240 - Cannot read IP mode file for wolfSSL.I-CUBE-wolfMQTT.1.19.0
2025-04-01 02:31:17,557 [WARN] PackLoader:240 - Cannot read IP mode file for WES.I-CUBE-Cesium.1.3.0
2025-04-01 02:31:17,562 [WARN] PackLoader:240 - Cannot read IP mode file for STMicroelectronics.X-CUBE-BLE2.3.3.0
2025-04-01 02:31:17,570 [WARN] PackLoader:240 - Cannot read IP mode file for STMicroelectronics.X-CUBE-NFC9.1.0.0
2025-04-01 02:31:17,575 [WARN] PackLoader:240 - Cannot read IP mode file for STMicroelectronics.X-CUBE-BLE1.7.1.0
2025-04-01 02:31:17,580 [WARN] PackLoader:240 - Cannot read IP mode file for STMicroelectronics.X-CUBE-TCPP.4.1.0
2025-04-01 02:31:17,600 [WARN] PackLoader:240 - Cannot read IP mode file for STMicroelectronics.X-CUBE-AZRTOS-G0.1.1.0
2025-04-01 02:31:17,607 [WARN] PackLoader:240 - Cannot read IP mode file for STMicroelectronics.X-CUBE-SAFEA1.1.2.2
2025-04-01 02:31:17,613 [WARN] PackLoader:240 - Cannot read IP mode file for STMicroelectronics.X-CUBE-NFC4.3.0.0
2025-04-01 02:31:17,624 [WARN] PackLoader:240 - Cannot read IP mode file for EmbeddedOffice.I-CUBE-FS-RTOS.1.0.1
2025-04-01 02:31:17,625 [ERROR] ConditionMgr:805 - Attr not supported : Dmpu
2025-04-01 02:31:17,625 [ERROR] ConditionMgr:805 - Attr not supported : Dmpu
2025-04-01 02:31:17,625 [ERROR] ConditionMgr:805 - Attr not supported : Dmpu
2025-04-01 02:31:17,625 [ERROR] ConditionMgr:805 - Attr not supported : Dmpu
2025-04-01 02:31:17,625 [ERROR] ConditionMgr:805 - Attr not supported : Dmpu
2025-04-01 02:31:17,625 [ERROR] ConditionMgr:805 - Attr not supported : Dmpu
2025-04-01 02:31:17,625 [ERROR] ConditionMgr:805 - Attr not supported : Dmpu
2025-04-01 02:31:17,625 [ERROR] ConditionMgr:805 - Attr not supported : Dmpu
2025-04-01 02:31:17,625 [ERROR] ConditionMgr:805 - Attr not supported : Dmpu
2025-04-01 02:31:17,626 [ERROR] ConditionMgr:805 - Attr not supported : Dmpu
2025-04-01 02:31:17,626 [ERROR] ConditionMgr:805 - Attr not supported : Dmpu
2025-04-01 02:31:17,626 [ERROR] ConditionMgr:805 - Attr not supported : Dmpu
2025-04-01 02:31:17,626 [ERROR] ConditionMgr:805 - Attr not supported : Dmpu
2025-04-01 02:31:17,626 [ERROR] ConditionMgr:805 - Attr not supported : Dmpu
2025-04-01 02:31:17,626 [ERROR] ConditionMgr:805 - Attr not supported : Dmpu
2025-04-01 02:31:17,626 [ERROR] ConditionMgr:805 - Attr not supported : Dmpu
2025-04-01 02:31:17,627 [ERROR] ConditionMgr:805 - Attr not supported : Dmpu
2025-04-01 02:31:17,627 [ERROR] ConditionMgr:805 - Attr not supported : Dmpu
2025-04-01 02:31:17,627 [ERROR] ConditionMgr:805 - Attr not supported : Dmpu
2025-04-01 02:31:17,627 [ERROR] ConditionMgr:805 - Attr not supported : Dmpu
2025-04-01 02:31:17,627 [ERROR] ConditionMgr:805 - Attr not supported : Dmpu
2025-04-01 02:31:17,627 [ERROR] ConditionMgr:805 - Attr not supported : Dmpu
2025-04-01 02:31:17,627 [ERROR] ConditionMgr:805 - Attr not supported : Dmpu
2025-04-01 02:31:17,627 [ERROR] ConditionMgr:805 - Attr not supported : Dmpu
2025-04-01 02:31:17,628 [ERROR] ConditionMgr:805 - Attr not supported : Dmpu
2025-04-01 02:31:17,628 [ERROR] ConditionMgr:805 - Attr not supported : Dmpu
2025-04-01 02:31:17,628 [ERROR] ConditionMgr:805 - Attr not supported : Dmpu
2025-04-01 02:31:17,628 [ERROR] ConditionMgr:805 - Attr not supported : Dmpu
2025-04-01 02:31:17,628 [ERROR] ConditionMgr:805 - Attr not supported : Dmpu
2025-04-01 02:31:17,628 [ERROR] ConditionMgr:805 - Attr not supported : Dmpu
2025-04-01 02:31:17,628 [ERROR] ConditionMgr:805 - Attr not supported : Dmpu
2025-04-01 02:31:17,628 [ERROR] ConditionMgr:805 - Attr not supported : Dmpu
2025-04-01 02:31:17,628 [ERROR] ConditionMgr:805 - Attr not supported : Dmpu
2025-04-01 02:31:17,628 [ERROR] ConditionMgr:805 - Attr not supported : Dmpu
2025-04-01 02:31:17,629 [ERROR] ConditionMgr:805 - Attr not supported : Dmpu
2025-04-01 02:31:17,629 [ERROR] ConditionMgr:805 - Attr not supported : Dmpu
2025-04-01 02:31:17,629 [ERROR] ConditionMgr:805 - Attr not supported : Dmpu
2025-04-01 02:31:17,629 [ERROR] ConditionMgr:805 - Attr not supported : Dmpu
2025-04-01 02:31:17,629 [ERROR] ConditionMgr:805 - Attr not supported : Dmpu
2025-04-01 02:31:17,629 [ERROR] ConditionMgr:805 - Attr not supported : Dmpu
2025-04-01 02:31:17,630 [ERROR] ConditionMgr:805 - Attr not supported : Dmpu
2025-04-01 02:31:17,630 [ERROR] ConditionMgr:805 - Attr not supported : Dmpu
2025-04-01 02:31:17,630 [ERROR] ConditionMgr:805 - Attr not supported : Dmpu
2025-04-01 02:31:17,630 [ERROR] ConditionMgr:805 - Attr not supported : Dmpu
2025-04-01 02:31:17,630 [ERROR] ConditionMgr:805 - Attr not supported : Dmpu
2025-04-01 02:31:17,630 [ERROR] ConditionMgr:805 - Attr not supported : Dmpu
2025-04-01 02:31:17,630 [ERROR] ConditionMgr:805 - Attr not supported : Dmpu
2025-04-01 02:31:17,630 [ERROR] ConditionMgr:805 - Attr not supported : Dmpu
2025-04-01 02:31:17,631 [ERROR] ConditionMgr:805 - Attr not supported : Dmpu
2025-04-01 02:31:17,631 [ERROR] ConditionMgr:805 - Attr not supported : Dmpu
2025-04-01 02:31:17,631 [ERROR] ConditionMgr:805 - Attr not supported : Dmpu
2025-04-01 02:31:17,631 [ERROR] ConditionMgr:805 - Attr not supported : Dmpu
2025-04-01 02:31:17,631 [ERROR] ConditionMgr:805 - Attr not supported : Dmpu
2025-04-01 02:31:17,631 [ERROR] ConditionMgr:805 - Attr not supported : Dmpu
2025-04-01 02:31:17,631 [ERROR] ConditionMgr:805 - Attr not supported : Dmpu
2025-04-01 02:31:17,631 [ERROR] ConditionMgr:805 - Attr not supported : Dmpu
2025-04-01 02:31:17,631 [ERROR] ConditionMgr:805 - Attr not supported : Dmpu
2025-04-01 02:31:17,631 [ERROR] ConditionMgr:805 - Attr not supported : Dmpu
2025-04-01 02:31:17,632 [ERROR] ConditionMgr:805 - Attr not supported : Dmpu
2025-04-01 02:31:17,632 [ERROR] ConditionMgr:805 - Attr not supported : Dmpu
2025-04-01 02:31:17,632 [ERROR] ConditionMgr:805 - Attr not supported : Dmpu
2025-04-01 02:31:17,632 [ERROR] ConditionMgr:805 - Attr not supported : Dmpu
2025-04-01 02:31:17,632 [ERROR] ConditionMgr:805 - Attr not supported : Dmpu
2025-04-01 02:31:17,632 [ERROR] ConditionMgr:805 - Attr not supported : Dmpu
2025-04-01 02:31:17,636 [ERROR] Engine:466 - /home/sj/.stm32cubemx/thirdparties/pdsc/STMicroelectronics.X-CUBE-TCPP.4.2.0.pdsc: PDSC version is not supported
2025-04-01 02:31:17,636 [INFO] WebApp:186 - Connection restablished
2025-04-01 02:31:17,639 [WARN] PackLoader:240 - Cannot read IP mode file for RealThread.X-CUBE-RT-Thread_Nano.4.1.1
2025-04-01 02:31:17,643 [WARN] PackLoader:240 - Cannot read IP mode file for STMicroelectronics.FP-ATR-SIGFOX1.3.2.0
2025-04-01 02:31:17,646 [WARN] ConditionMgr:438 - getConditionDescription Invalid condition id : Cortex-A Device cause : null
2025-04-01 02:31:17,660 [WARN] ConditionMgr:1039 - genDependencies : Invalid condition id : Cortex-A Device cause : null
2025-04-01 02:31:17,660 [WARN] ConditionMgr:1039 - genDependencies : Invalid condition id : Cortex-A Device cause : null
2025-04-01 02:31:17,660 [WARN] ConditionMgr:1039 - genDependencies : Invalid condition id : Cortex-A Device cause : null
2025-04-01 02:31:17,668 [WARN] PackLoader:240 - Cannot read IP mode file for STMicroelectronics.X-CUBE-EEPRMA1.5.1.0
2025-04-01 02:31:17,673 [WARN] PackLoader:240 - Cannot read IP mode file for wolfSSL.I-CUBE-wolfSSL.5.7.4
2025-04-01 02:31:17,677 [WARN] PackLoader:240 - Cannot read IP mode file for ITTIA_DB.I-CUBE-ITTIADB.8.9.0
2025-04-01 02:31:17,711 [INFO] UserAuth:417 - Internet connection configuration mode: 1
2025-04-01 02:31:17,713 [WARN] PackLoader:240 - Cannot read IP mode file for SEGGER.I-CUBE-embOS.1.3.1
2025-04-01 02:31:17,798 [WARN] PackLoader:240 - Cannot read IP mode file for STMicroelectronics.X-CUBE-ALGOBUILD.1.4.0
2025-04-01 02:31:17,803 [WARN] PackLoader:240 - Cannot read IP mode file for STMicroelectronics.X-CUBE-AI.9.1.0
2025-04-01 02:31:17,826 [WARN] PackLoader:240 - Cannot read IP mode file for STMicroelectronics.X-CUBE-AZRTOS-F4.1.1.0
2025-04-01 02:31:17,834 [WARN] PackLoader:240 - Cannot read IP mode file for STMicroelectronics.X-CUBE-ISPU.2.1.0
2025-04-01 02:31:17,841 [WARN] PackLoader:240 - Cannot read IP mode file for STMicroelectronics.X-CUBE-FREERTOS.1.2.0
2025-04-01 02:31:17,863 [WARN] PackLoader:240 - Cannot read IP mode file for STMicroelectronics.X-CUBE-AZRTOS-L5.2.0.0
2025-04-01 02:31:17,875 [WARN] PackLoader:240 - Cannot read IP mode file for STMicroelectronics.X-CUBE-NFC6.3.1.0
2025-04-01 02:31:17,880 [WARN] PackLoader:240 - Cannot read IP mode file for STMicroelectronics.X-CUBE-DPower.1.2.0
2025-04-01 02:31:17,885 [WARN] PackLoader:240 - Cannot read IP mode file for STMicroelectronics.X-CUBE-FREERTOS.1.3.0
2025-04-01 02:31:17,889 [WARN] PackLoader:240 - Cannot read IP mode file for STMicroelectronics.X-CUBE-NFC7.1.0.1
2025-04-01 02:31:17,894 [WARN] PackLoader:240 - Cannot read IP mode file for STMicroelectronics.X-CUBE-DPower.1.3.0
2025-04-01 02:31:17,930 [WARN] ConditionMgr:438 - getConditionDescription Invalid condition id : LAN8742 Phy interface Condition cause : null
2025-04-01 02:31:17,931 [WARN] PackLoader:240 - Cannot read IP mode file for STMicroelectronics.X-CUBE-AZRTOS-L4.2.0.0
2025-04-01 02:31:17,934 [WARN] ConditionMgr:1039 - genDependencies : Invalid condition id : LAN8742 Phy interface Condition cause : null
2025-04-01 02:31:17,934 [WARN] ConditionMgr:1039 - genDependencies : Invalid condition id : LAN8742 Phy interface Condition cause : null
2025-04-01 02:31:17,935 [WARN] ConditionMgr:1039 - genDependencies : Invalid condition id : LAN8742 Phy interface Condition cause : null
2025-04-01 02:31:17,945 [WARN] PackLoader:240 - Cannot read IP mode file for STMicroelectronics.X-CUBE-SFXS2LP1.4.0.0
2025-04-01 02:31:17,982 [WARN] PackLoader:240 - Cannot read IP mode file for STMicroelectronics.X-CUBE-AZRTOS-H7.3.3.0
2025-04-01 02:31:18,003 [WARN] PackLoader:240 - Cannot read IP mode file for STMicroelectronics.X-CUBE-IPS.3.0.0
2025-04-01 02:31:18,045 [WARN] ConditionMgr:438 - getConditionDescription Invalid condition id : UX DEVICE CLASS RTOS Condition cause : null
2025-04-01 02:31:18,046 [WARN] ConditionMgr:438 - getConditionDescription Invalid condition id : UX DEVICE CLASS RTOS Condition cause : null
2025-04-01 02:31:18,050 [WARN] PackLoader:240 - Cannot read IP mode file for STMicroelectronics.X-CUBE-AZRTOS-WB.2.0.0
2025-04-01 02:31:18,051 [WARN] ConditionMgr:1039 - genDependencies : Invalid condition id : UX DEVICE CLASS RTOS Condition cause : null
2025-04-01 02:31:18,052 [WARN] ConditionMgr:1039 - genDependencies : Invalid condition id : UX DEVICE CLASS RTOS Condition cause : null
2025-04-01 02:31:18,052 [WARN] ConditionMgr:1039 - genDependencies : Invalid condition id : UX DEVICE CLASS RTOS Condition cause : null
2025-04-01 02:31:18,053 [WARN] ConditionMgr:1039 - genDependencies : Invalid condition id : UX DEVICE CLASS RTOS Condition cause : null
2025-04-01 02:31:18,053 [WARN] ConditionMgr:1039 - genDependencies : Invalid condition id : UX DEVICE CLASS RTOS Condition cause : null
2025-04-01 02:31:18,061 [WARN] PackLoader:240 - Cannot read IP mode file for STMicroelectronics.X-CUBE-GNSS1.7.0.0
2025-04-01 02:31:18,069 [WARN] PackLoader:240 - Cannot read IP mode file for STMicroelectronics.X-CUBE-GNSS1.7.0.1
2025-04-01 02:31:18,078 [WARN] PackLoader:240 - Cannot read IP mode file for STMicroelectronics.X-CUBE-TOUCHGFX.4.25.0
2025-04-01 02:31:18,088 [WARN] PackLoader:240 - Cannot read IP mode file for STMicroelectronics.FP-SNS-STBOX1.2.0.0
2025-04-01 02:31:18,118 [WARN] PackLoader:240 - Cannot read IP mode file for STMicroelectronics.X-CUBE-SUBG2.5.0.0
2025-04-01 02:31:18,141 [WARN] PackLoader:240 - Cannot read IP mode file for STMicroelectronics.X-CUBE-AZRTOS-H7RS.1.1.0
2025-04-01 02:31:18,145 [WARN] PackLoader:240 - Cannot read IP mode file for Cesanta.I-CUBE-Mongoose.7.13.0
2025-04-01 02:31:18,160 [WARN] PackLoader:240 - Cannot read IP mode file for STMicroelectronics.X-CUBE-AZRTOS-G4.2.0.0
2025-04-01 02:31:18,169 [ERROR] Engine:466 - /home/sj/.stm32cubemx/thirdparties/pdsc/STMicroelectronics.X-CUBE-IPS.3.1.0.pdsc: PDSC version is not supported
2025-04-01 02:31:18,171 [WARN] PackLoader:240 - Cannot read IP mode file for STMicroelectronics.X-CUBE-ALS.1.0.2
2025-04-01 02:31:18,174 [WARN] PackLoader:240 - Cannot read IP mode file for STMicroelectronics.X-CUBE-TOUCHGFX.4.24.1
2025-04-01 02:31:18,177 [WARN] PackLoader:240 - Cannot read IP mode file for wolfSSL.I-CUBE-wolfTPM.3.4.0
2025-04-01 02:31:18,182 [WARN] PackLoader:240 - Cannot read IP mode file for portGmbH.I-Cube-SoM-uGOAL.1.1.0
2025-04-01 02:31:18,208 [WARN] PackLoader:240 - Cannot read IP mode file for STMicroelectronics.X-CUBE-AZRTOS-H7RS.1.0.0
2025-04-01 02:31:18,221 [WARN] PackLoader:240 - Cannot read IP mode file for STMicroelectronics.X-CUBE-TOF1.3.4.2
2025-04-01 02:31:18,248 [WARN] PackLoader:240 - Cannot read IP mode file for Infineon.AIROC-Wi-Fi-Bluetooth-STM32.1.6.1
2025-04-01 02:31:18,255 [WARN] PackLoader:240 - Cannot read IP mode file for wolfSSL.I-CUBE-wolfSSH.1.4.17
2025-04-01 02:31:18,255 [INFO] ThirdParty:978 - Integrity check success = true
2025-04-01 02:31:18,255 [INFO] IntegrityCheckThread:100 - exiting critical section [integrity check]
2025-04-01 02:31:18,255 [INFO] IntegrityCheckThread:103 - End integrity checks thread
